<?xml version="1.0" encoding="UTF-8"?>
<robot generator="Robot 6.1 (Python 3.11.0a5 on darwin)" generated="20230705 16:47:27.198" rpa="false" schemaversion="4">
<suite id="s1" name="Tests" source="/Users/fndiaye/PycharmProjects/Occaizio/Tests">
<kw name="Run Keywords" library="BuiltIn" type="SETUP">
<arg>Start Appium Server For Android On Port ${ANDROID_PORT}</arg>
<doc>Executes all the given keywords in a sequence.</doc>
<kw name="Start Appium Server For Android On Port ${ANDROID_PORT}" sourcename="Start Appium Server For Android On Port ${ANDROID_PORT}">
<doc>Start Appium Server on Android Port</doc>
<kw name="Start Appium Server" library="Setup">
<arg>${ANDROID_PORT}</arg>
<doc>Start Appium Server</doc>
<kw name="Kill All Appium Process" library="Setup">
<doc>Kill all appium server's instance</doc>
<kw name="Run Process" library="Process">
<arg>ps</arg>
<arg>-ef|grep appium|grep -v grep|awk '{print $2}'|xargs kill -9</arg>
<doc>Runs a process and waits for it to complete.</doc>
<msg timestamp="20230705 16:47:27.565" level="INFO">Starting process:
ps "-ef|grep appium|grep -v grep|awk '{print $2}'|xargs kill -9"</msg>
<msg timestamp="20230705 16:47:27.573" level="INFO">Waiting for process to complete.</msg>
<msg timestamp="20230705 16:47:27.576" level="INFO">Process completed.</msg>
<status status="PASS" starttime="20230705 16:47:27.565" endtime="20230705 16:47:27.576"/>
</kw>
<kw name="Sleep" library="BuiltIn">
<arg>5s</arg>
<doc>Pauses the test executed for the given time.</doc>
<msg timestamp="20230705 16:47:32.579" level="INFO">Slept 5 seconds</msg>
<status status="PASS" starttime="20230705 16:47:27.578" endtime="20230705 16:47:32.580"/>
</kw>
<status status="PASS" starttime="20230705 16:47:27.564" endtime="20230705 16:47:32.582"/>
</kw>
<kw name="Start Process" library="Process">
<arg>/usr/local/bin/appium</arg>
<arg>-p</arg>
<arg>${PORT}</arg>
<arg>shell=True</arg>
<arg>alias=appiumserver_${PORT}</arg>
<arg>stdout=${OUT_DIR}/appium_sdout.txt</arg>
<arg>stderr=${OUT_DIR}/appium_stderr.txt</arg>
<doc>Starts a new process on background.</doc>
<msg timestamp="20230705 16:47:32.585" level="INFO">Starting process:
/usr/local/bin/appium -p 4723</msg>
<status status="PASS" starttime="20230705 16:47:32.583" endtime="20230705 16:47:32.595"/>
</kw>
<kw name="Process Should Be Running" library="Process">
<arg>appiumserver_${PORT}</arg>
<doc>Verifies that the process is running.</doc>
<status status="PASS" starttime="20230705 16:47:32.597" endtime="20230705 16:47:32.598"/>
</kw>
<kw name="Sleep" library="BuiltIn">
<arg>5s</arg>
<doc>Pauses the test executed for the given time.</doc>
<msg timestamp="20230705 16:47:37.601" level="INFO">Slept 5 seconds</msg>
<status status="PASS" starttime="20230705 16:47:32.598" endtime="20230705 16:47:37.602"/>
</kw>
<status status="PASS" starttime="20230705 16:47:27.564" endtime="20230705 16:47:37.604"/>
</kw>
<status status="PASS" starttime="20230705 16:47:27.563" endtime="20230705 16:47:37.605"/>
</kw>
<status status="PASS" starttime="20230705 16:47:27.563" endtime="20230705 16:47:37.605"/>
</kw>
<suite id="s1-s1" name="Occazio" source="/Users/fndiaye/PycharmProjects/Occaizio/Tests/Occazio.robot">
<test id="s1-s1-t1" name="Open Occazio application and create an account by entering your username" line="7">
<kw name="Open Application" library="AppiumLibrary" type="SETUP">
<arg>http://localhost:4723/wd/hub</arg>
<arg>automationName=UiAutomator2</arg>
<arg>deviceName=emulator-5554</arg>
<arg>platformName=Android</arg>
<arg>app=/Users/fndiaye/PycharmProjects/Occaizio/Common/Occazio.apk</arg>
<doc>Opens a new application to given Appium server.
Capabilities of appium server, Android and iOS,
Please check https://github.com/appium/appium/blob/master/docs/en/writing-running-appium/server-args.md
| *Option*            | *Man.* | *Description*     |
| remote_url          | Yes    | Appium server url |
| alias               | no     | alias             |
| strict_ssl          | No     | allows you to send commands to an invalid certificate host like a self-signed one. |</doc>
<status status="PASS" starttime="20230705 16:47:37.636" endtime="20230705 16:47:48.759"/>
</kw>
<kw name="Go to the first view and navigate throught the onboarding" library="OccazioApp">
<kw name="Verify if we are on the first onboarding" library="OnboardingViews">
<kw name="Wait Until Page Contains Element" library="AppiumLibrary">
<arg>${HEADING_FIRST_PAGE}</arg>
<arg>timeout=10s</arg>
<doc>Waits until element specified with `locator` appears on current page.</doc>
<msg timestamp="20230705 16:47:53.066" level="INFO">criteria is fr.dsquad.occazio:id/tv_take_road
criteria is fr.dsquad.occazio:id/tv_take_road
criteria is fr.dsquad.occazio:id/tv_take_road
criteria is fr.dsquad.occazio:id/tv_take_road
criteria is fr.dsquad.occazio:id/tv_take_road
criteria is fr.dsquad.occazio:id/tv_take_road
criteria is fr.dsquad.occazio:id/tv_take_road
criteria is fr.dsquad.occazio:id/tv_take_road
criteria is fr.dsquad.occazio:id/tv_take_road
criteria is fr.dsquad.occazio:id/tv_take_road
criteria is fr.dsquad.occazio:id/tv_take_road
criteria is fr.dsquad.occazio:id/tv_take_road
criteria is fr.dsquad.occazio:id/tv_take_road
criteria is fr.dsquad.occazio:id/tv_take_road</msg>
<status status="PASS" starttime="20230705 16:47:48.760" endtime="20230705 16:47:53.067"/>
</kw>
<status status="PASS" starttime="20230705 16:47:48.760" endtime="20230705 16:47:53.068"/>
</kw>
<kw name="Click on the button &quot;DÉMARRER&quot;" library="OnboardingViews">
<kw name="Click Element" library="AppiumLibrary">
<arg>${BUTTON_FIRST_PAGE}</arg>
<doc>Click element identified by `locator`.</doc>
<msg timestamp="20230705 16:47:53.071" level="INFO">Clicking element 'id=fr.dsquad.occazio:id/bt_start_showcase'.</msg>
<msg timestamp="20230705 16:47:53.166" level="INFO">criteria is fr.dsquad.occazio:id/bt_start_showcase</msg>
<status status="PASS" starttime="20230705 16:47:53.068" endtime="20230705 16:47:53.166"/>
</kw>
<status status="PASS" starttime="20230705 16:47:53.068" endtime="20230705 16:47:53.167"/>
</kw>
<kw name="Verify if the view &quot;Simplicité&quot; is showing" library="OnboardingViews">
<kw name="Wait Until Page Contains Element" library="AppiumLibrary">
<arg>${HEADINGS_ONBOARDING_PAGE}</arg>
<doc>Waits until element specified with `locator` appears on current page.</doc>
<msg timestamp="20230705 16:47:53.511" level="INFO">criteria is fr.dsquad.occazio:id/tv_showcase_page_number</msg>
<status status="PASS" starttime="20230705 16:47:53.168" endtime="20230705 16:47:53.511"/>
</kw>
<status status="PASS" starttime="20230705 16:47:53.168" endtime="20230705 16:47:53.512"/>
</kw>
<kw name="Swipe to the last view" library="OnboardingViews">
<for flavor="IN RANGE">
<var>${i}</var>
<value>4</value>
<iter>
<var name="${i}">0</var>
<kw name="Swipe By Percent" library="AppiumLibrary">
<arg>@{SWIPE_COORDINATE}</arg>
<doc>Swipe from one percent of the screen to another percent, for an optional duration.
Normal swipe fails to scale for different screen resolutions, this can be avoided using percent.</doc>
<status status="PASS" starttime="20230705 16:47:53.513" endtime="20230705 16:47:55.212"/>
</kw>
<status status="PASS" starttime="20230705 16:47:53.513" endtime="20230705 16:47:55.212"/>
</iter>
<iter>
<var name="${i}">1</var>
<kw name="Swipe By Percent" library="AppiumLibrary">
<arg>@{SWIPE_COORDINATE}</arg>
<doc>Swipe from one percent of the screen to another percent, for an optional duration.
Normal swipe fails to scale for different screen resolutions, this can be avoided using percent.</doc>
<status status="PASS" starttime="20230705 16:47:55.213" endtime="20230705 16:47:57.228"/>
</kw>
<status status="PASS" starttime="20230705 16:47:55.213" endtime="20230705 16:47:57.228"/>
</iter>
<iter>
<var name="${i}">2</var>
<kw name="Swipe By Percent" library="AppiumLibrary">
<arg>@{SWIPE_COORDINATE}</arg>
<doc>Swipe from one percent of the screen to another percent, for an optional duration.
Normal swipe fails to scale for different screen resolutions, this can be avoided using percent.</doc>
<status status="PASS" starttime="20230705 16:47:57.229" endtime="20230705 16:47:58.761"/>
</kw>
<status status="PASS" starttime="20230705 16:47:57.229" endtime="20230705 16:47:58.761"/>
</iter>
<iter>
<var name="${i}">3</var>
<kw name="Swipe By Percent" library="AppiumLibrary">
<arg>@{SWIPE_COORDINATE}</arg>
<doc>Swipe from one percent of the screen to another percent, for an optional duration.
Normal swipe fails to scale for different screen resolutions, this can be avoided using percent.</doc>
<status status="PASS" starttime="20230705 16:47:58.762" endtime="20230705 16:48:00.211"/>
</kw>
<status status="PASS" starttime="20230705 16:47:58.762" endtime="20230705 16:48:00.212"/>
</iter>
<status status="PASS" starttime="20230705 16:47:53.512" endtime="20230705 16:48:00.212"/>
</for>
<status status="PASS" starttime="20230705 16:47:53.512" endtime="20230705 16:48:00.212"/>
</kw>
<kw name="Verify if the view &quot;Respect&quot; is showing" library="OnboardingViews">
<kw name="Wait Until Page Contains Element" library="AppiumLibrary">
<arg>${HEADINGS_ONBOARDING_PAGE}</arg>
<doc>Waits until element specified with `locator` appears on current page.</doc>
<msg timestamp="20230705 16:48:00.947" level="INFO">criteria is fr.dsquad.occazio:id/tv_showcase_page_number</msg>
<status status="PASS" starttime="20230705 16:48:00.213" endtime="20230705 16:48:00.947"/>
</kw>
<status status="PASS" starttime="20230705 16:48:00.213" endtime="20230705 16:48:00.948"/>
</kw>
<kw name="Accept notifications" library="OnboardingViews">
<kw name="Click Element" library="AppiumLibrary">
<arg>${NOTIFICATION_BUTTON}</arg>
<doc>Click element identified by `locator`.</doc>
<msg timestamp="20230705 16:48:00.951" level="INFO">Clicking element 'id=fr.dsquad.occazio:id/v_seekbar_overlay'.</msg>
<msg timestamp="20230705 16:48:01.127" level="INFO">criteria is fr.dsquad.occazio:id/v_seekbar_overlay</msg>
<status status="PASS" starttime="20230705 16:48:00.948" endtime="20230705 16:48:01.128"/>
</kw>
<status status="PASS" starttime="20230705 16:48:00.948" endtime="20230705 16:48:01.128"/>
</kw>
<kw name="Tap on the validate button" library="OnboardingViews">
<kw name="Click Element" library="AppiumLibrary">
<arg>${ONBOARDING_VALIDATE_BUTTON}</arg>
<doc>Click element identified by `locator`.</doc>
<msg timestamp="20230705 16:48:01.133" level="INFO">Clicking element 'id=fr.dsquad.occazio:id/bt_stop_showcase'.</msg>
<msg timestamp="20230705 16:48:02.084" level="INFO">criteria is fr.dsquad.occazio:id/bt_stop_showcase</msg>
<status status="PASS" starttime="20230705 16:48:01.129" endtime="20230705 16:48:02.084"/>
</kw>
<status status="PASS" starttime="20230705 16:48:01.129" endtime="20230705 16:48:02.085"/>
</kw>
<status status="PASS" starttime="20230705 16:47:48.759" endtime="20230705 16:48:02.085"/>
</kw>
<kw name="Check if the 4 options are visible on the PopUp" library="OccazioApp">
<kw name="Check if the option &quot;Checher un véhicule&quot; is visible" library="PopUp">
<kw name="Wait Until Page Contains Element" library="AppiumLibrary">
<arg>${POPUP_FIRST_OPTION}</arg>
<doc>Waits until element specified with `locator` appears on current page.</doc>
<msg timestamp="20230705 16:48:02.865" level="INFO">criteria is fr.dsquad.occazio:id/iv_why_buy</msg>
<status status="PASS" starttime="20230705 16:48:02.088" endtime="20230705 16:48:02.865"/>
</kw>
<status status="PASS" starttime="20230705 16:48:02.087" endtime="20230705 16:48:02.866"/>
</kw>
<kw name="Check if the option &quot;Vendre un véhicule&quot; is visible" library="PopUp">
<kw name="Wait Until Page Contains Element" library="AppiumLibrary">
<arg>${POPUP_SECOND_OPTION}</arg>
<doc>Waits until element specified with `locator` appears on current page.</doc>
<msg timestamp="20230705 16:48:03.347" level="INFO">criteria is fr.dsquad.occazio:id/iv_why_sell</msg>
<status status="PASS" starttime="20230705 16:48:02.867" endtime="20230705 16:48:03.347"/>
</kw>
<status status="PASS" starttime="20230705 16:48:02.867" endtime="20230705 16:48:03.349"/>
</kw>
<kw name="Check if the option &quot;Remplacer mon véhicule&quot; is visible" library="PopUp">
<kw name="Wait Until Page Contains Element" library="AppiumLibrary">
<arg>${POPUP_THIRD_OPTION}</arg>
<doc>Waits until element specified with `locator` appears on current page.</doc>
<msg timestamp="20230705 16:48:03.415" level="INFO">criteria is fr.dsquad.occazio:id/iv_why_buy_sell</msg>
<status status="PASS" starttime="20230705 16:48:03.350" endtime="20230705 16:48:03.415"/>
</kw>
<status status="PASS" starttime="20230705 16:48:03.349" endtime="20230705 16:48:03.416"/>
</kw>
<kw name="Check if the option &quot;Découvrir&quot; is visible" library="PopUp">
<kw name="Wait Until Page Contains Element" library="AppiumLibrary">
<arg>${POPUP_FOURTH_OPTION}</arg>
<doc>Waits until element specified with `locator` appears on current page.</doc>
<msg timestamp="20230705 16:48:03.479" level="INFO">criteria is fr.dsquad.occazio:id/iv_why_other</msg>
<status status="PASS" starttime="20230705 16:48:03.417" endtime="20230705 16:48:03.479"/>
</kw>
<status status="PASS" starttime="20230705 16:48:03.416" endtime="20230705 16:48:03.481"/>
</kw>
<kw name="Click on the first option &quot;Checher un vehicule&quot;" library="PopUp">
<kw name="Click Element" library="AppiumLibrary">
<arg>${POPUP_FIRST_OPTION}</arg>
<doc>Click element identified by `locator`.</doc>
<msg timestamp="20230705 16:48:03.484" level="INFO">Clicking element 'id=fr.dsquad.occazio:id/iv_why_buy'.</msg>
<msg timestamp="20230705 16:48:03.680" level="INFO">criteria is fr.dsquad.occazio:id/iv_why_buy</msg>
<status status="PASS" starttime="20230705 16:48:03.481" endtime="20230705 16:48:03.680"/>
</kw>
<status status="PASS" starttime="20230705 16:48:03.481" endtime="20230705 16:48:03.681"/>
</kw>
<status status="PASS" starttime="20230705 16:48:02.086" endtime="20230705 16:48:03.681"/>
</kw>
<kw name="Go to &quot;Messagerie&quot; and create a username" library="OccazioApp">
<kw name="Verify if we are on the Home View" library="HomePage">
<kw name="Wait Until Page Contains Element" library="AppiumLibrary">
<arg>${ICON_HOMEPAGE}</arg>
<doc>Waits until element specified with `locator` appears on current page.</doc>
<msg timestamp="20230705 16:48:04.074" level="INFO">criteria is fr.dsquad.occazio:id/home</msg>
<status status="PASS" starttime="20230705 16:48:03.683" endtime="20230705 16:48:04.074"/>
</kw>
<status status="PASS" starttime="20230705 16:48:03.682" endtime="20230705 16:48:04.075"/>
</kw>
<kw name="Tap on &quot;Messagerie&quot; Icon" library="HomePage">
<kw name="Click Element" library="AppiumLibrary">
<arg>${ICON_MESSAGERIE}</arg>
<doc>Click element identified by `locator`.</doc>
<msg timestamp="20230705 16:48:04.079" level="INFO">Clicking element 'id=fr.dsquad.occazio:id/mailbox'.</msg>
<msg timestamp="20230705 16:48:05.205" level="INFO">criteria is fr.dsquad.occazio:id/mailbox</msg>
<status status="PASS" starttime="20230705 16:48:04.076" endtime="20230705 16:48:05.205"/>
</kw>
<status status="PASS" starttime="20230705 16:48:04.076" endtime="20230705 16:48:05.207"/>
</kw>
<kw name="Verify if we are on the Messagerie View" library="MessagerieView">
<kw name="Wait Until Page Contains Element" library="AppiumLibrary">
<arg>${MESSAGERIE_HEADING}</arg>
<doc>Waits until element specified with `locator` appears on current page.</doc>
<msg timestamp="20230705 16:48:06.567" level="INFO">criteria is fr.dsquad.occazio:id/toolbar_conversation_title</msg>
<status status="PASS" starttime="20230705 16:48:05.208" endtime="20230705 16:48:06.567"/>
</kw>
<status status="PASS" starttime="20230705 16:48:05.207" endtime="20230705 16:48:06.568"/>
</kw>
<kw name="Tap on Need Help section" library="MessagerieView">
<kw name="Click Element" library="AppiumLibrary">
<arg>${MESSAGERIE_NEED_HELP}</arg>
<doc>Click element identified by `locator`.</doc>
<msg timestamp="20230705 16:48:06.572" level="INFO">Clicking element 'id=fr.dsquad.occazio:id/cl_conv_occazio_content'.</msg>
<msg timestamp="20230705 16:48:07.266" level="INFO">criteria is fr.dsquad.occazio:id/cl_conv_occazio_content</msg>
<status status="PASS" starttime="20230705 16:48:06.569" endtime="20230705 16:48:07.266"/>
</kw>
<kw name="Wait Until Page Contains Element" library="AppiumLibrary">
<arg>${MESSAGERIE_POPUP_HEADING}</arg>
<doc>Waits until element specified with `locator` appears on current page.</doc>
<msg timestamp="20230705 16:48:08.734" level="INFO">criteria is fr.dsquad.occazio:id/tv_user_name_title
criteria is fr.dsquad.occazio:id/tv_user_name_title</msg>
<status status="PASS" starttime="20230705 16:48:07.268" endtime="20230705 16:48:08.734"/>
</kw>
<status status="PASS" starttime="20230705 16:48:06.568" endtime="20230705 16:48:08.735"/>
</kw>
<kw name="Enter your username" library="MessagerieView">
<kw name="Input Text" library="AppiumLibrary">
<arg>${MESSAGERIE_INPUT_USERNAME}</arg>
<arg>${MESSAGERIE_TEXT_USERNAME}</arg>
<doc>Types the given `text` into text field identified by `locator`.</doc>
<msg timestamp="20230705 16:48:08.738" level="INFO">Typing text 'fndiaye' into text field 'id=fr.dsquad.occazio:id/et_user_name'</msg>
<msg timestamp="20230705 16:48:09.320" level="INFO">criteria is fr.dsquad.occazio:id/et_user_name</msg>
<status status="PASS" starttime="20230705 16:48:08.735" endtime="20230705 16:48:09.320"/>
</kw>
<status status="PASS" starttime="20230705 16:48:08.735" endtime="20230705 16:48:09.321"/>
</kw>
<kw name="Click on the validation button" library="MessagerieView">
<kw name="Click Element" library="AppiumLibrary">
<arg>${MESSAGERIE_BUTTON_VALIDATE}</arg>
<doc>Click element identified by `locator`.</doc>
<msg timestamp="20230705 16:48:09.325" level="INFO">Clicking element 'id=fr.dsquad.occazio:id/bt_user_name_valid'.</msg>
<msg timestamp="20230705 16:48:09.928" level="INFO">criteria is fr.dsquad.occazio:id/bt_user_name_valid</msg>
<status status="PASS" starttime="20230705 16:48:09.322" endtime="20230705 16:48:09.928"/>
</kw>
<kw name="Wait Until Page Contains Element" library="AppiumLibrary">
<arg>${MESSAGERIE_ICON_BACK}</arg>
<doc>Waits until element specified with `locator` appears on current page.</doc>
<msg timestamp="20230705 16:48:10.282" level="INFO">criteria is fr.dsquad.occazio:id/ib_chat_back_occazio</msg>
<status status="PASS" starttime="20230705 16:48:09.929" endtime="20230705 16:48:10.282"/>
</kw>
<status status="PASS" starttime="20230705 16:48:09.322" endtime="20230705 16:48:10.283"/>
</kw>
<kw name="Navigate to the precedent page" library="MessagerieView">
<kw name="Click Element" library="AppiumLibrary">
<arg>${MESSAGERIE_ICON_BACK}</arg>
<doc>Click element identified by `locator`.</doc>
<msg timestamp="20230705 16:48:10.286" level="INFO">Clicking element 'id=fr.dsquad.occazio:id/ib_chat_back_occazio'.</msg>
<msg timestamp="20230705 16:48:10.652" level="INFO">criteria is fr.dsquad.occazio:id/ib_chat_back_occazio</msg>
<status status="PASS" starttime="20230705 16:48:10.283" endtime="20230705 16:48:10.653"/>
</kw>
<status status="PASS" starttime="20230705 16:48:10.283" endtime="20230705 16:48:10.654"/>
</kw>
<status status="PASS" starttime="20230705 16:48:03.682" endtime="20230705 16:48:10.655"/>
</kw>
<kw name="Go to the HomePage" library="OccazioApp">
<kw name="Tap on &quot;Accueil&quot; Icon" library="HomePage">
<kw name="Click Element" library="AppiumLibrary">
<arg>${ICON_HOMEPAGE}</arg>
<doc>Click element identified by `locator`.</doc>
<msg timestamp="20230705 16:48:10.660" level="INFO">Clicking element 'id=fr.dsquad.occazio:id/home'.</msg>
<msg timestamp="20230705 16:48:11.747" level="INFO">criteria is fr.dsquad.occazio:id/home</msg>
<status status="PASS" starttime="20230705 16:48:10.657" endtime="20230705 16:48:11.748"/>
</kw>
<status status="PASS" starttime="20230705 16:48:10.656" endtime="20230705 16:48:11.749"/>
</kw>
<status status="PASS" starttime="20230705 16:48:10.655" endtime="20230705 16:48:11.749"/>
</kw>
<kw name="Check if the username is displayed" library="OccazioApp">
<kw name="Navigate to your account details" library="HomePage">
<kw name="Click Element" library="AppiumLibrary">
<arg>${ICON_ACCOUNT}</arg>
<doc>Click element identified by `locator`.</doc>
<msg timestamp="20230705 16:48:11.753" level="INFO">Clicking element 'id=fr.dsquad.occazio:id/toolbar_home_profil'.</msg>
<msg timestamp="20230705 16:48:13.599" level="INFO">criteria is fr.dsquad.occazio:id/toolbar_home_profil</msg>
<status status="PASS" starttime="20230705 16:48:11.750" endtime="20230705 16:48:13.599"/>
</kw>
<kw name="Wait Until Page Contains Element" library="AppiumLibrary">
<arg>${HEADING_ACCOUNT}</arg>
<doc>Waits until element specified with `locator` appears on current page.</doc>
<msg timestamp="20230705 16:48:14.547" level="INFO">criteria is fr.dsquad.occazio:id/tv_account_title
criteria is fr.dsquad.occazio:id/tv_account_title</msg>
<status status="PASS" starttime="20230705 16:48:13.600" endtime="20230705 16:48:14.547"/>
</kw>
<status status="PASS" starttime="20230705 16:48:11.750" endtime="20230705 16:48:14.548"/>
</kw>
<kw name="View personal information" library="HomePage">
<arg>${MESSAGERIE_TEXT_USERNAME}</arg>
<kw name="Click Element" library="AppiumLibrary">
<arg>${PERSONAL_INFO_ACCOUNT_BUTTON}</arg>
<doc>Click element identified by `locator`.</doc>
<msg timestamp="20230705 16:48:14.551" level="INFO">Clicking element 'id=fr.dsquad.occazio:id/tv_personnal_data'.</msg>
<msg timestamp="20230705 16:48:14.700" level="INFO">criteria is fr.dsquad.occazio:id/tv_personnal_data</msg>
<status status="PASS" starttime="20230705 16:48:14.549" endtime="20230705 16:48:14.700"/>
</kw>
<kw name="Wait Until Page Contains Element" library="AppiumLibrary">
<arg>${HEADING_INFO_ACCOUNT}</arg>
<doc>Waits until element specified with `locator` appears on current page.</doc>
<msg timestamp="20230705 16:48:15.282" level="INFO">criteria is fr.dsquad.occazio:id/tv_your_info_title</msg>
<status status="PASS" starttime="20230705 16:48:14.701" endtime="20230705 16:48:15.282"/>
</kw>
<kw name="Page Should Contain Text" library="AppiumLibrary">
<arg>${username}</arg>
<doc>Verifies that current page contains `text`.</doc>
<msg timestamp="20230705 16:48:15.797" level="INFO">Current page contains text 'fndiaye'.</msg>
<status status="PASS" starttime="20230705 16:48:15.283" endtime="20230705 16:48:15.797"/>
</kw>
<status status="PASS" starttime="20230705 16:48:14.548" endtime="20230705 16:48:15.798"/>
</kw>
<status status="PASS" starttime="20230705 16:48:11.750" endtime="20230705 16:48:15.798"/>
</kw>
<kw name="Close Application" library="AppiumLibrary" type="TEARDOWN">
<doc>Closes the current application and also close webdriver session.</doc>
<status status="PASS" starttime="20230705 16:48:15.798" endtime="20230705 16:48:16.900"/>
</kw>
<doc>Dans ce cas de test, nous creons un username et nous allons tester si ce dernier a bien ete cree</doc>
<status status="PASS" starttime="20230705 16:47:37.636" endtime="20230705 16:48:16.900"/>
</test>
<doc>Ce fichier contiendra tous nos cas de test</doc>
<status status="PASS" starttime="20230705 16:47:37.606" endtime="20230705 16:48:16.908"/>
</suite>
<kw name="Stop Appium Server For Android 4723" type="TEARDOWN" sourcename="Stop Appium Server For Android ${ANDROID_PORT}">
<doc>Stop Appium Instance</doc>
<kw name="Stop Appium Server" library="Setup">
<arg>${ANDROID_PORT}</arg>
<doc>Stop Appium Server</doc>
<kw name="Terminate Process" library="Process">
<arg>appiumserver_${PORT}</arg>
<arg>kill=True</arg>
<doc>Stops the process gracefully or forcefully.</doc>
<msg timestamp="20230705 16:48:16.918" level="INFO">Forcefully killing process.</msg>
<msg timestamp="20230705 16:48:16.918" level="INFO">Process completed.</msg>
<status status="PASS" starttime="20230705 16:48:16.918" endtime="20230705 16:48:16.919"/>
</kw>
<status status="PASS" starttime="20230705 16:48:16.917" endtime="20230705 16:48:16.919"/>
</kw>
<status status="PASS" starttime="20230705 16:48:16.916" endtime="20230705 16:48:16.920"/>
</kw>
<doc>Before suite file</doc>
<status status="PASS" starttime="20230705 16:47:27.293" endtime="20230705 16:48:16.920"/>
</suite>
<statistics>
<total>
<stat pass="1" fail="0" skip="0">All Tests</stat>
</total>
<tag>
</tag>
<suite>
<stat pass="1" fail="0" skip="0" id="s1" name="Tests">Tests</stat>
<stat pass="1" fail="0" skip="0" id="s1-s1" name="Occazio">Tests.Occazio</stat>
</suite>
</statistics>
<errors>
</errors>
</robot>
