<?xml version="1.0" encoding="UTF-8"?>
<robot generator="Robot 6.1 (Python 3.11.0a5 on darwin)" generated="20230710 11:21:50.435" rpa="false" schemaversion="4">
<suite id="s1" name="Tests" source="/Users/fndiaye/PycharmProjects/Occaizio/Tests">
<kw name="Run Keywords" library="BuiltIn" type="SETUP">
<arg>Start Appium Server For Android On Port ${ANDROID_PORT}</arg>
<doc>Executes all the given keywords in a sequence.</doc>
<kw name="Start Appium Server For Android On Port ${ANDROID_PORT}" sourcename="Start Appium Server For Android On Port ${ANDROID_PORT}">
<doc>Start Appium Server on Android Port</doc>
<kw name="Start Appium Server" library="Setup">
<arg>${ANDROID_PORT}</arg>
<doc>Start Appium Server</doc>
<kw name="Kill All Appium Process" library="Setup">
<doc>Kill all appium server's instance</doc>
<kw name="Run Process" library="Process">
<arg>ps</arg>
<arg>-ef|grep appium|grep -v grep|awk '{print $2}'|xargs kill -9</arg>
<doc>Runs a process and waits for it to complete.</doc>
<msg timestamp="20230710 11:21:50.900" level="INFO">Starting process:
ps "-ef|grep appium|grep -v grep|awk '{print $2}'|xargs kill -9"</msg>
<msg timestamp="20230710 11:21:50.909" level="INFO">Waiting for process to complete.</msg>
<msg timestamp="20230710 11:21:50.911" level="INFO">Process completed.</msg>
<status status="PASS" starttime="20230710 11:21:50.900" endtime="20230710 11:21:50.912"/>
</kw>
<kw name="Sleep" library="BuiltIn">
<arg>5s</arg>
<doc>Pauses the test executed for the given time.</doc>
<msg timestamp="20230710 11:21:55.917" level="INFO">Slept 5 seconds</msg>
<status status="PASS" starttime="20230710 11:21:50.914" endtime="20230710 11:21:55.917"/>
</kw>
<status status="PASS" starttime="20230710 11:21:50.899" endtime="20230710 11:21:55.920"/>
</kw>
<kw name="Start Process" library="Process">
<arg>/usr/local/bin/appium</arg>
<arg>-p</arg>
<arg>${PORT}</arg>
<arg>shell=True</arg>
<arg>alias=appiumserver_${PORT}</arg>
<arg>stdout=${OUT_DIR}/appium_sdout.txt</arg>
<arg>stderr=${OUT_DIR}/appium_stderr.txt</arg>
<doc>Starts a new process on background.</doc>
<msg timestamp="20230710 11:21:55.923" level="INFO">Starting process:
/usr/local/bin/appium -p 4723</msg>
<status status="PASS" starttime="20230710 11:21:55.920" endtime="20230710 11:21:55.931"/>
</kw>
<kw name="Process Should Be Running" library="Process">
<arg>appiumserver_${PORT}</arg>
<doc>Verifies that the process is running.</doc>
<status status="PASS" starttime="20230710 11:21:55.933" endtime="20230710 11:21:55.934"/>
</kw>
<kw name="Sleep" library="BuiltIn">
<arg>5s</arg>
<doc>Pauses the test executed for the given time.</doc>
<msg timestamp="20230710 11:22:00.936" level="INFO">Slept 5 seconds</msg>
<status status="PASS" starttime="20230710 11:21:55.935" endtime="20230710 11:22:00.936"/>
</kw>
<status status="PASS" starttime="20230710 11:21:50.899" endtime="20230710 11:22:00.938"/>
</kw>
<status status="PASS" starttime="20230710 11:21:50.898" endtime="20230710 11:22:00.938"/>
</kw>
<status status="PASS" starttime="20230710 11:21:50.898" endtime="20230710 11:22:00.939"/>
</kw>
<suite id="s1-s1" name="Occazio" source="/Users/fndiaye/PycharmProjects/Occaizio/Tests/Occazio.robot">
<test id="s1-s1-t1" name="Open Occazio application and create an account by entering your username" line="10">
<kw name="Open Application" library="AppiumLibrary" type="SETUP">
<arg>http://localhost:4723/wd/hub</arg>
<arg>automationName=UiAutomator2</arg>
<arg>deviceName=emulator-5554</arg>
<arg>platformName=Android</arg>
<arg>app=/Users/fndiaye/PycharmProjects/Occaizio/Tests/../Common/Occazio.apk</arg>
<doc>Opens a new application to given Appium server.
Capabilities of appium server, Android and iOS,
Please check https://github.com/appium/appium/blob/master/docs/en/writing-running-appium/server-args.md
| *Option*            | *Man.* | *Description*     |
| remote_url          | Yes    | Appium server url |
| alias               | no     | alias             |
| strict_ssl          | No     | allows you to send commands to an invalid certificate host like a self-signed one. |</doc>
<status status="PASS" starttime="20230710 11:22:00.968" endtime="20230710 11:22:12.503"/>
</kw>
<kw name="Go to the first view and navigate throught the onboarding" library="OccazioApp">
<kw name="Verify if we are on the first onboarding" library="OnboardingViews">
<kw name="Wait Until Page Contains Element" library="AppiumLibrary">
<arg>${HEADING_FIRST_PAGE}</arg>
<arg>timeout=10s</arg>
<doc>Waits until element specified with `locator` appears on current page.</doc>
<msg timestamp="20230710 11:22:19.658" level="INFO">criteria is fr.dsquad.occazio:id/tv_take_road
criteria is fr.dsquad.occazio:id/tv_take_road
criteria is fr.dsquad.occazio:id/tv_take_road
criteria is fr.dsquad.occazio:id/tv_take_road
criteria is fr.dsquad.occazio:id/tv_take_road
criteria is fr.dsquad.occazio:id/tv_take_road
criteria is fr.dsquad.occazio:id/tv_take_road
criteria is fr.dsquad.occazio:id/tv_take_road
criteria is fr.dsquad.occazio:id/tv_take_road
criteria is fr.dsquad.occazio:id/tv_take_road
criteria is fr.dsquad.occazio:id/tv_take_road
criteria is fr.dsquad.occazio:id/tv_take_road
criteria is fr.dsquad.occazio:id/tv_take_road
criteria is fr.dsquad.occazio:id/tv_take_road
criteria is fr.dsquad.occazio:id/tv_take_road
criteria is fr.dsquad.occazio:id/tv_take_road
criteria is fr.dsquad.occazio:id/tv_take_road</msg>
<status status="PASS" starttime="20230710 11:22:12.506" endtime="20230710 11:22:19.658"/>
</kw>
<status status="PASS" starttime="20230710 11:22:12.506" endtime="20230710 11:22:19.660"/>
</kw>
<kw name="Click on the button &quot;DÉMARRER&quot;" library="OnboardingViews">
<kw name="Click Element" library="AppiumLibrary">
<arg>${BUTTON_FIRST_PAGE}</arg>
<doc>Click element identified by `locator`.</doc>
<msg timestamp="20230710 11:22:19.664" level="INFO">Clicking element 'id=fr.dsquad.occazio:id/bt_start_showcase'.</msg>
<msg timestamp="20230710 11:22:19.771" level="INFO">criteria is fr.dsquad.occazio:id/bt_start_showcase</msg>
<status status="PASS" starttime="20230710 11:22:19.661" endtime="20230710 11:22:19.772"/>
</kw>
<status status="PASS" starttime="20230710 11:22:19.661" endtime="20230710 11:22:19.772"/>
</kw>
<kw name="Verify if the view &quot;Simplicité&quot; is showing" library="OnboardingViews">
<kw name="Wait Until Page Contains Element" library="AppiumLibrary">
<arg>${HEADINGS_ONBOARDING_PAGE}</arg>
<doc>Waits until element specified with `locator` appears on current page.</doc>
<msg timestamp="20230710 11:22:21.184" level="INFO">criteria is fr.dsquad.occazio:id/tv_showcase_page_number
criteria is fr.dsquad.occazio:id/tv_showcase_page_number</msg>
<status status="PASS" starttime="20230710 11:22:19.774" endtime="20230710 11:22:21.184"/>
</kw>
<status status="PASS" starttime="20230710 11:22:19.773" endtime="20230710 11:22:21.185"/>
</kw>
<kw name="Swipe to the last view" library="OnboardingViews">
<for flavor="IN RANGE">
<var>${i}</var>
<value>4</value>
<iter>
<var name="${i}">0</var>
<kw name="Swipe By Percent" library="AppiumLibrary">
<arg>@{SWIPE_COORDINATE}</arg>
<doc>Swipe from one percent of the screen to another percent, for an optional duration.
Normal swipe fails to scale for different screen resolutions, this can be avoided using percent.</doc>
<status status="PASS" starttime="20230710 11:22:21.187" endtime="20230710 11:22:22.583"/>
</kw>
<status status="PASS" starttime="20230710 11:22:21.187" endtime="20230710 11:22:22.584"/>
</iter>
<iter>
<var name="${i}">1</var>
<kw name="Swipe By Percent" library="AppiumLibrary">
<arg>@{SWIPE_COORDINATE}</arg>
<doc>Swipe from one percent of the screen to another percent, for an optional duration.
Normal swipe fails to scale for different screen resolutions, this can be avoided using percent.</doc>
<status status="PASS" starttime="20230710 11:22:22.585" endtime="20230710 11:22:24.684"/>
</kw>
<status status="PASS" starttime="20230710 11:22:22.585" endtime="20230710 11:22:24.685"/>
</iter>
<iter>
<var name="${i}">2</var>
<kw name="Swipe By Percent" library="AppiumLibrary">
<arg>@{SWIPE_COORDINATE}</arg>
<doc>Swipe from one percent of the screen to another percent, for an optional duration.
Normal swipe fails to scale for different screen resolutions, this can be avoided using percent.</doc>
<status status="PASS" starttime="20230710 11:22:24.685" endtime="20230710 11:22:26.267"/>
</kw>
<status status="PASS" starttime="20230710 11:22:24.685" endtime="20230710 11:22:26.268"/>
</iter>
<iter>
<var name="${i}">3</var>
<kw name="Swipe By Percent" library="AppiumLibrary">
<arg>@{SWIPE_COORDINATE}</arg>
<doc>Swipe from one percent of the screen to another percent, for an optional duration.
Normal swipe fails to scale for different screen resolutions, this can be avoided using percent.</doc>
<status status="PASS" starttime="20230710 11:22:26.269" endtime="20230710 11:22:27.851"/>
</kw>
<status status="PASS" starttime="20230710 11:22:26.268" endtime="20230710 11:22:27.851"/>
</iter>
<status status="PASS" starttime="20230710 11:22:21.186" endtime="20230710 11:22:27.852"/>
</for>
<status status="PASS" starttime="20230710 11:22:21.186" endtime="20230710 11:22:27.852"/>
</kw>
<kw name="Verify if the view &quot;Respect&quot; is showing" library="OnboardingViews">
<kw name="Wait Until Page Contains Element" library="AppiumLibrary">
<arg>${HEADINGS_ONBOARDING_PAGE}</arg>
<doc>Waits until element specified with `locator` appears on current page.</doc>
<msg timestamp="20230710 11:22:28.610" level="INFO">criteria is fr.dsquad.occazio:id/tv_showcase_page_number</msg>
<status status="PASS" starttime="20230710 11:22:27.853" endtime="20230710 11:22:28.610"/>
</kw>
<status status="PASS" starttime="20230710 11:22:27.852" endtime="20230710 11:22:28.611"/>
</kw>
<kw name="Accept notifications" library="OnboardingViews">
<kw name="Click Element" library="AppiumLibrary">
<arg>${NOTIFICATION_BUTTON}</arg>
<doc>Click element identified by `locator`.</doc>
<msg timestamp="20230710 11:22:28.616" level="INFO">Clicking element 'id=fr.dsquad.occazio:id/v_seekbar_overlay'.</msg>
<msg timestamp="20230710 11:22:28.751" level="INFO">criteria is fr.dsquad.occazio:id/v_seekbar_overlay</msg>
<status status="PASS" starttime="20230710 11:22:28.612" endtime="20230710 11:22:28.751"/>
</kw>
<status status="PASS" starttime="20230710 11:22:28.612" endtime="20230710 11:22:28.752"/>
</kw>
<kw name="Tap on the validate button" library="OnboardingViews">
<kw name="Click Element" library="AppiumLibrary">
<arg>${ONBOARDING_VALIDATE_BUTTON}</arg>
<doc>Click element identified by `locator`.</doc>
<msg timestamp="20230710 11:22:28.759" level="INFO">Clicking element 'id=fr.dsquad.occazio:id/bt_stop_showcase'.</msg>
<msg timestamp="20230710 11:22:29.480" level="INFO">criteria is fr.dsquad.occazio:id/bt_stop_showcase</msg>
<status status="PASS" starttime="20230710 11:22:28.753" endtime="20230710 11:22:29.481"/>
</kw>
<status status="PASS" starttime="20230710 11:22:28.753" endtime="20230710 11:22:29.482"/>
</kw>
<status status="PASS" starttime="20230710 11:22:12.504" endtime="20230710 11:22:29.483"/>
</kw>
<kw name="Check if the 4 options are visible on the PopUp" library="OccazioApp">
<kw name="Check if the option &quot;Checher un véhicule&quot; is visible" library="PopUp">
<kw name="Wait Until Page Contains Element" library="AppiumLibrary">
<arg>${POPUP_FIRST_OPTION}</arg>
<doc>Waits until element specified with `locator` appears on current page.</doc>
<msg timestamp="20230710 11:22:30.840" level="INFO">criteria is fr.dsquad.occazio:id/iv_why_buy
criteria is fr.dsquad.occazio:id/iv_why_buy</msg>
<status status="PASS" starttime="20230710 11:22:29.485" endtime="20230710 11:22:30.840"/>
</kw>
<status status="PASS" starttime="20230710 11:22:29.484" endtime="20230710 11:22:30.841"/>
</kw>
<kw name="Check if the option &quot;Vendre un véhicule&quot; is visible" library="PopUp">
<kw name="Wait Until Page Contains Element" library="AppiumLibrary">
<arg>${POPUP_SECOND_OPTION}</arg>
<doc>Waits until element specified with `locator` appears on current page.</doc>
<msg timestamp="20230710 11:22:30.925" level="INFO">criteria is fr.dsquad.occazio:id/iv_why_sell</msg>
<status status="PASS" starttime="20230710 11:22:30.841" endtime="20230710 11:22:30.925"/>
</kw>
<status status="PASS" starttime="20230710 11:22:30.841" endtime="20230710 11:22:30.926"/>
</kw>
<kw name="Check if the option &quot;Remplacer mon véhicule&quot; is visible" library="PopUp">
<kw name="Wait Until Page Contains Element" library="AppiumLibrary">
<arg>${POPUP_THIRD_OPTION}</arg>
<doc>Waits until element specified with `locator` appears on current page.</doc>
<msg timestamp="20230710 11:22:30.991" level="INFO">criteria is fr.dsquad.occazio:id/iv_why_buy_sell</msg>
<status status="PASS" starttime="20230710 11:22:30.928" endtime="20230710 11:22:30.991"/>
</kw>
<status status="PASS" starttime="20230710 11:22:30.927" endtime="20230710 11:22:30.993"/>
</kw>
<kw name="Check if the option &quot;Découvrir&quot; is visible" library="PopUp">
<kw name="Wait Until Page Contains Element" library="AppiumLibrary">
<arg>${POPUP_FOURTH_OPTION}</arg>
<doc>Waits until element specified with `locator` appears on current page.</doc>
<msg timestamp="20230710 11:22:31.069" level="INFO">criteria is fr.dsquad.occazio:id/iv_why_other</msg>
<status status="PASS" starttime="20230710 11:22:30.995" endtime="20230710 11:22:31.069"/>
</kw>
<status status="PASS" starttime="20230710 11:22:30.994" endtime="20230710 11:22:31.071"/>
</kw>
<kw name="Click on the first option &quot;Checher un vehicule&quot;" library="PopUp">
<kw name="Click Element" library="AppiumLibrary">
<arg>${POPUP_FIRST_OPTION}</arg>
<doc>Click element identified by `locator`.</doc>
<msg timestamp="20230710 11:22:31.078" level="INFO">Clicking element 'id=fr.dsquad.occazio:id/iv_why_buy'.</msg>
<msg timestamp="20230710 11:22:31.285" level="INFO">criteria is fr.dsquad.occazio:id/iv_why_buy</msg>
<status status="PASS" starttime="20230710 11:22:31.073" endtime="20230710 11:22:31.285"/>
</kw>
<status status="PASS" starttime="20230710 11:22:31.072" endtime="20230710 11:22:31.286"/>
</kw>
<status status="PASS" starttime="20230710 11:22:29.483" endtime="20230710 11:22:31.286"/>
</kw>
<kw name="Go to &quot;Messagerie&quot; and create a username" library="OccazioApp">
<kw name="Verify if we are on the Home View" library="HomePage">
<kw name="Wait Until Page Contains Element" library="AppiumLibrary">
<arg>${ICON_HOMEPAGE}</arg>
<doc>Waits until element specified with `locator` appears on current page.</doc>
<msg timestamp="20230710 11:22:31.872" level="INFO">criteria is fr.dsquad.occazio:id/home</msg>
<status status="PASS" starttime="20230710 11:22:31.289" endtime="20230710 11:22:31.872"/>
</kw>
<status status="PASS" starttime="20230710 11:22:31.288" endtime="20230710 11:22:31.873"/>
</kw>
<kw name="Tap on &quot;Messagerie&quot; Icon" library="HomePage">
<kw name="Click Element" library="AppiumLibrary">
<arg>${ICON_MESSAGERIE}</arg>
<doc>Click element identified by `locator`.</doc>
<msg timestamp="20230710 11:22:31.878" level="INFO">Clicking element 'id=fr.dsquad.occazio:id/mailbox'.</msg>
<msg timestamp="20230710 11:22:32.467" level="INFO">criteria is fr.dsquad.occazio:id/mailbox</msg>
<status status="PASS" starttime="20230710 11:22:31.874" endtime="20230710 11:22:32.468"/>
</kw>
<status status="PASS" starttime="20230710 11:22:31.874" endtime="20230710 11:22:32.469"/>
</kw>
<kw name="Verify if we are on the Messagerie View" library="MessagerieView">
<kw name="Wait Until Page Contains Element" library="AppiumLibrary">
<arg>${MESSAGERIE_HEADING}</arg>
<doc>Waits until element specified with `locator` appears on current page.</doc>
<msg timestamp="20230710 11:22:34.235" level="INFO">criteria is fr.dsquad.occazio:id/toolbar_conversation_title
criteria is fr.dsquad.occazio:id/toolbar_conversation_title</msg>
<status status="PASS" starttime="20230710 11:22:32.471" endtime="20230710 11:22:34.236"/>
</kw>
<status status="PASS" starttime="20230710 11:22:32.470" endtime="20230710 11:22:34.236"/>
</kw>
<kw name="Tap on Need Help section" library="MessagerieView">
<kw name="Click Element" library="AppiumLibrary">
<arg>${MESSAGERIE_NEED_HELP}</arg>
<doc>Click element identified by `locator`.</doc>
<msg timestamp="20230710 11:22:34.240" level="INFO">Clicking element 'id=fr.dsquad.occazio:id/cl_conv_occazio_content'.</msg>
<msg timestamp="20230710 11:22:34.376" level="INFO">criteria is fr.dsquad.occazio:id/cl_conv_occazio_content</msg>
<status status="PASS" starttime="20230710 11:22:34.237" endtime="20230710 11:22:34.376"/>
</kw>
<kw name="Wait Until Page Contains Element" library="AppiumLibrary">
<arg>${MESSAGERIE_POPUP_HEADING}</arg>
<doc>Waits until element specified with `locator` appears on current page.</doc>
<msg timestamp="20230710 11:22:34.948" level="INFO">criteria is fr.dsquad.occazio:id/tv_user_name_title</msg>
<status status="PASS" starttime="20230710 11:22:34.378" endtime="20230710 11:22:34.949"/>
</kw>
<status status="PASS" starttime="20230710 11:22:34.237" endtime="20230710 11:22:34.950"/>
</kw>
<kw name="Enter your username" library="MessagerieView">
<kw name="Input Text" library="AppiumLibrary">
<arg>${MESSAGERIE_INPUT_USERNAME}</arg>
<arg>${MESSAGERIE_TEXT_USERNAME}</arg>
<doc>Types the given `text` into text field identified by `locator`.</doc>
<msg timestamp="20230710 11:22:34.954" level="INFO">Typing text 'fndiaye' into text field 'id=fr.dsquad.occazio:id/et_user_name'</msg>
<msg timestamp="20230710 11:22:35.900" level="INFO">criteria is fr.dsquad.occazio:id/et_user_name</msg>
<status status="PASS" starttime="20230710 11:22:34.951" endtime="20230710 11:22:35.900"/>
</kw>
<status status="PASS" starttime="20230710 11:22:34.950" endtime="20230710 11:22:35.901"/>
</kw>
<kw name="Click on the validation button" library="MessagerieView">
<kw name="Click Element" library="AppiumLibrary">
<arg>${MESSAGERIE_BUTTON_VALIDATE}</arg>
<doc>Click element identified by `locator`.</doc>
<msg timestamp="20230710 11:22:35.906" level="INFO">Clicking element 'id=fr.dsquad.occazio:id/bt_user_name_valid'.</msg>
<msg timestamp="20230710 11:22:36.517" level="INFO">criteria is fr.dsquad.occazio:id/bt_user_name_valid</msg>
<status status="PASS" starttime="20230710 11:22:35.902" endtime="20230710 11:22:36.518"/>
</kw>
<kw name="Wait Until Page Contains Element" library="AppiumLibrary">
<arg>${MESSAGERIE_ICON_BACK}</arg>
<doc>Waits until element specified with `locator` appears on current page.</doc>
<msg timestamp="20230710 11:22:36.824" level="INFO">criteria is fr.dsquad.occazio:id/ib_chat_back_occazio</msg>
<status status="PASS" starttime="20230710 11:22:36.519" endtime="20230710 11:22:36.824"/>
</kw>
<status status="PASS" starttime="20230710 11:22:35.902" endtime="20230710 11:22:36.825"/>
</kw>
<kw name="Navigate to the precedent page" library="MessagerieView">
<kw name="Click Element" library="AppiumLibrary">
<arg>${MESSAGERIE_ICON_BACK}</arg>
<doc>Click element identified by `locator`.</doc>
<msg timestamp="20230710 11:22:36.829" level="INFO">Clicking element 'id=fr.dsquad.occazio:id/ib_chat_back_occazio'.</msg>
<msg timestamp="20230710 11:22:37.831" level="INFO">criteria is fr.dsquad.occazio:id/ib_chat_back_occazio</msg>
<status status="PASS" starttime="20230710 11:22:36.826" endtime="20230710 11:22:37.831"/>
</kw>
<status status="PASS" starttime="20230710 11:22:36.826" endtime="20230710 11:22:37.832"/>
</kw>
<status status="PASS" starttime="20230710 11:22:31.287" endtime="20230710 11:22:37.833"/>
</kw>
<kw name="Go to the HomePage" library="OccazioApp">
<kw name="Tap on &quot;Accueil&quot; Icon" library="HomePage">
<kw name="Click Element" library="AppiumLibrary">
<arg>${ICON_HOMEPAGE}</arg>
<doc>Click element identified by `locator`.</doc>
<msg timestamp="20230710 11:22:37.838" level="INFO">Clicking element 'id=fr.dsquad.occazio:id/home'.</msg>
<msg timestamp="20230710 11:22:38.571" level="INFO">criteria is fr.dsquad.occazio:id/home</msg>
<status status="PASS" starttime="20230710 11:22:37.835" endtime="20230710 11:22:38.571"/>
</kw>
<status status="PASS" starttime="20230710 11:22:37.834" endtime="20230710 11:22:38.572"/>
</kw>
<status status="PASS" starttime="20230710 11:22:37.833" endtime="20230710 11:22:38.572"/>
</kw>
<kw name="Check if the username is displayed" library="OccazioApp">
<kw name="Navigate to your account details" library="HomePage">
<kw name="Click Element" library="AppiumLibrary">
<arg>${ICON_ACCOUNT}</arg>
<doc>Click element identified by `locator`.</doc>
<msg timestamp="20230710 11:22:38.577" level="INFO">Clicking element 'id=fr.dsquad.occazio:id/toolbar_home_profil'.</msg>
<kw name="Capture Page Screenshot" library="AppiumLibrary">
<doc>Takes a screenshot of the current page and embeds it into the log.</doc>
<msg timestamp="20230710 11:22:39.477" level="INFO" html="true">&lt;/td&gt;&lt;/tr&gt;&lt;tr&gt;&lt;td colspan="3"&gt;&lt;img src="data:image/png;base64, iVBORw0KGgoAAAANSUhEUgAABDgAAAjoCAYAAAA5jhrUAAAAAXNSR0IArs4c6QAAAARzQklUCAgI
CHwIZIgAACAASURBVHic7N15XJTnvf//9zDMDPuigAq4gMquMKBiEjVRMRo1adRsatOeLmmT0zbt
aXt6evrt+fZ0OznNt+0vp+3pnjZtEzWLZqkaTczikkWNiojiCi6ACijIvg38/qCIRJSZYYC54fV8
PPzDkfuea0yc677f9+f6XKb29vZ2AQAAAAAAGJjPYA8AAAAAAACgrwg4AAAAAACA4RFwAAAAAAAA
wyPgAAAAAAAAhkfAAQAAAAAADI+AAwAAAAAAGB4BBwAAAAAAMDwCDgAAAAAAYHgEHAAAAAAAwPAI
OAAAAAAAgOERcAAAAAAAAMMj4AAAAAAAAIZHwAEAAAAAAAyPgAMAAAAAABgeAQcAAAAAADA8Ag4A
AAAAAGB4BBwAAAAAAMDwCDgAAAAAAIDhEXAAAAAAAADDI+AAAAAAAACGR8ABAAAAAAAMj4ADAAAA
AAAYHgEHAAAAAAAwPAIOAAAAAABgeAQcAAAAAADA8Ag4AAAAAACA4RFwAAAAAAAAwyPgAAAAAAAA
hkfAAQAAAAAADI+AAwAAAAAAGB4BBwAAAAAAMDwCDgAAAAAAYHgEHAAAAAAAwPAIOAAAAAAAgOER
cAAAAAAAAMMj4AAAAAAAAIZHwAEAAAAAAAyPgAMAAAAAABgeAQcAAAAAADA8Ag4AAAAAAGB4BBwA
AAAAAMDwCDgAAAAAAIDhEXAAAAAAAADDI+AAAAAAAACGR8ABAAAAAAAMj4ADAAAAAAAYHgEHAAAA
AAAwPAIOAAAAAABgeAQcAAAAAADA8Ag4AAAAAACA4RFwAAAAAAAAwyPgAAAAAAAAhkfAAQAAAAAA
DI+AAwAAAAAAGB4BBwAAAAAAMDwCDgAAAAAAYHgEHAAAAAAAwPAIOAAAAAAAgOERcAAAAAAAAMMj
4AAAAAAAAIZHwAEAAAAAAAyPgAMAAAAAABgeAQcAAAAAADA8Ag4AAAAAAGB4BBwAAAAAAMDwCDgA
AAAAAIDhEXAAAAAAAADDI+AAAAAAAACGR8ABAAAAAAAMj4ADAAAAAAAYHgEHAAAAAAAwPAIOAAAA
AABgeAQcAAAAAADA8Ag4AAAAAACA4RFwAAAAAAAAwyPgAAAAAAAAhkfAAQAAAAAADI+AAwAAAAAA
GB4BBwAAAAAAMDwCDgAAAAAAYHgEHAAAAAAAwPAIOAAAAAAAgOERcAAAAAAAAMMj4AAAAAAAAIZH
wAEAAAAAAAyPgAMAAAAAABgeAQcAAAAAADA8Ag4AAAAAAGB4BBwAAAAAAMDwCDgAAAAAAIDhEXAA
AAAAAADDI+AAAAAAAACGR8ABAAAAAAAMj4ADAAAAAAAYHgEHAAAAAAAwPAIOAAAAAABgeAQcAAAA
AADA8Ag4AAAAAACA4RFwAAAAAAAAwyPgAAAAAAAAhkfAAQAAAAAADI+AAwAAAAAAGB4BBwAAAAAA
MDwCDgAAAAAAYHgEHAAAAAAAwPAIOAAAAAAAgOERcAAAAAAAAMMj4AAAAAAAAIZHwAEAAAAAAAyP
gAMAAAAAABgeAQcAAAAAADA8Ag4AAAAAAGB4BBwAAAAAAMDwCDgAAAAAAIDhEXAAAAAAAADDI+AA
AAAAAACGR8ABAAAAAAAMj4ADAAAAAAAYHgEHAAAAAAAwPAIOAAAAAABgeAQcAAAAAADA8Ag4AAAA
AACA4RFwAAAAAAAAwyPgAAAAAAAAhkfAAQAAAAAADI+AAwAAAAAAGB4BBwAAAAAAMDwCDgAAAAAA
YHgEHAAAAAAAwPAIOAAAAAAAgOERcAAAAAAAAMMj4AAAAAAAAIZHwAEAAAAAAAyPgAMAAAAAABge
AQcAAAAAADA8Ag4AAAAAAGB4BBwAAAAAAMDwCDgAAAAAAIDhEXAAAAAAAADDI+AAAAAAAACGR8AB
AAAAAAAMj4ADAAAAAAAYHgEHAAAAAAAwPAIOAAAAAABgeAQcAAAAAADA8Ag4AAAAAACA4RFwAAAA
AAAAwyPgAAAAAAAAhkfAAQAAAAAADI+AAwAAAAAAGB4BBwAAAAAAMDwCDgAAAAAAYHgEHAAAAAAA
wPAIOAAAAAAAgOERcAAAAAAAAMMj4AAAAAAAAIZHwAEAAAAAAAyPgAMAAAAAABgeAQcAAAAAADA8
Ag4AAAAAAGB4BBwAAAAAAMDwCDgAAAAAAIDhEXAAAAAAAADDI+AAAAAAAACGR8ABAAAAAAAMj4AD
AAAAAAAYHgEHAAAAAAAwPAIOAAAAAABgeAQcAAAAAADA8Ag4AAAAAACA4ZniEz7RPtiDAAAAAAAA
6AsqOAAAAAAAgOERcAAAAAAAAMMj4AAAAAAAAIZHwAEAAAAAAAyPgAMAAAAAABgeAQcAAAAAADA8
Ag4AAAAAAGB4BBwAAAAAAMDwCDgAAAAAAIDhEXAAAAAAAADDI+AAAAAAAACGR8ABAAAAAAAMj4AD
AAAAAAAYHgEHAAAAAAAwPAIOAAAAAABgeAQcAAAAAADA8Ag4AAAAAACA4RFwAAAAAAAAwyPgAAAA
AAAAhkfAAQAAAAAADI+AAwAAAAAAGB4BBwAAAAAAMDwCDgAAAAAAYHgEHAAAAAAAwPAIOAAAAAAA
gOERcAAAAAAAAMMj4AAAAAAAAIZHwAEAAAAAAAyPgAMAAAAAABgeAQcAAAAAADA8Ag4AAAAAAGB4
BBwAAAAAAMDwCDgAAAAAAIDhEXAAAAAAAADDI+AAAAAAAACGR8ABAAAAAAAMj4ADAAAAAAAYHgEH
AAAAAAAwPAIOAAAAAABgeL6DPQAAAAAAAAbKpPEtmpLQdPX3e/P8VHyRW+OhgP+KAAAAAIBh447p
9fr3L1Ze/f3jP4ok4Bgi+K8IAAAAAEPYr/5vucaNbrn6+7Z26fEfR+psqaVP542Ocuh//+9Fma9p
fHC+3Kwvfm9Un84LuIuAAwAAAACGsMnjmzVpXEu311YtrdV//z68T+dduaRGUxObu70WHNi30ATo
C5qMAgAAAMAws/j2Og+co9YDIwE8h4ADAAAAAIaZmKhW3TPP/ZDjztvqNSGm1YMjAvqOJSoA4KSY
6EglJ8crNiZKISGBN/y56uo6FZeUqbCwWCWl5Wpqar7hzw47JrP8w8IVNGas/MIjZA0Ilq9/gCz+
gfINCJTF5icfX4vaWlvUUlerxurKjl+Vl1RXfkENly6qtbF+QIc8amSrslKblDSxWVEjHRoR4tCI
0DaNCHUoYoRDFnO7qmrNulRp1qUqH1VeMauiyqyjRRZ9eMBPxRcp1QXQISQkUPFxMUpOjlNsTJRi
Y6IUGXn9EoHy8koVl5SpuKRMBQVFKiwqUXV135+2Ax+3fEGtXnv7xtc0N3PfQqo34H0IOACgByEh
gcqYmqA5czKVkZ6gifGxNw01bqS6uk6nCouVe/C4duzYr9y848PuItVk9lXQ6FiNnJSq0PET5RfS
+3pfH1+LbKHhsoWGK/Sa19sdDjVWV+rKuUJdPnlEdWUlamv17NMji6VdiROalXNLve7IbtDk8S3y
s7Xf9JioEQ5FjXBc93pdg0m5BTZt3h6o7Xv9db6caddsNmtmdpqmZSW7dFxrq0Mf7s7Xvv0F/TSy
/hMZEa7s7DRNjI8Z7KH0WdHpUu3ena+LZZc9cr6AAD/dPjtT06eluHRcbW293t2xX/sPHPXIOPpL
51yyICdbc+ZkKjYmyq3zNDU161RhiXbs3K83t+1WwdHThOdwW3OLSVZLx7w2M6NRcbEtKip2LYyP
jnLotsyGq79vdZjka775XAkMBK60AOAfOi9Ely6ZrTlz7IqM6Fvjrc5z2jMSZc9I1Gc+fbfKKyq1
Y8cBbdy0c8iHHb4BgQqfkKhRaVkKjIr2yDlNZrP8wyPkHx6h0VNnqLHqssqPHlTF8Tw1V1f16dxh
IQ7NndGglUtrlJ7YLF/fvl+oBfq367bMRt2W2ai6BpP25du0ZlOw3tvvr/qG4blKNC01Xp/7zCd0
+5xMl49dv+FtXbx4ScUlZf0wsv4TGRWuu5fOVs68GYM9lD57+52PVFRU6rGAw8/PquzsND28erFL
x5WVV6r0QoVXBhz9MZfYbFalJMcpJTlOj35hxdW5ZP3Lbyn34AnCDrhk32Gbsqc2ycenXRbfdq1a
WqMf/3aES+dYtbT6avjf3t55zsb+GC7gEgIOAMNeZES4cnJmaNVDi5SSHNfv77Vi+TytWD5PRwqK
tGbdFm3btkflFZW9H2wQloBgRSROUVRqlvzCXLtgcpVf2AiNnTlXEYlpunBwty6dyJejqcmlc4yJ
atWKBbW6f1GtYkf331riQP92zZneqDnTG5V71KqnXwzVu3uHX9Bhz0hSRkaCe8faE2W3Jxou4MDw
MBhzydIls5R78LieW7tFO3cdGNKhOTznSo1ZuUetykzpmC/vml3vcsCxeE7X/2sFp6wqq3D9ttJm
bddDS2p0+/RGTR7fpNDgdvmY2lVd66NzFyx6/4Cf1m0O1sUKs0vnnTOtQSvurFVGSpNGhLRJkqpq
TDp03KZXtgXpjfcCXB5rp1V312jhbXVKjG9RaFCbmppNulLro6OFVr31vr9e2BLs9rnhGQQc6nh6
kJY6UTnzs5WYOF6T4mMVHR2ppqZmlZSWq7CwWAfzTmjHzgM6eeqcGhtJyYGhIDIiXMuXzdWqlYvc
Lhvui5TkOP3o+4/p0S+s0Jq1W7Th5XcMHXT42vw1YlKKRk+dIf+RA/v36R8eqbg7lmrk5DSV7HlX
1SVnej3G17ddd8xo0GMrq5Se2CSTyTQAI+2QkdSsp75TrgMFNj2zIUTbPxoeQcfE+Fhl2hMVGhLk
1vFxE6KVPjVB23fs50YOXiM2Jkorls/T8mXzBnwusdmsyp6RpuwZaTpSUKQ//+Xv2vbWbv594KYs
vu16ZVvg1YBjTFSrluXU6uVtzn03L5xVr/HXNBd99a1A2VNcuz/KuaVe3/5CpeJiW677M38/h0ZF
ODQtrVEP31Ot36wL09MvhfR6Tl9zu37w1cu6784amT+WiQT4S9FR9brztnptez9ABwpsLo03e2qj
fvD4JU0a3328Vku7ggPbFDuqVTm31OuBu2r17Z9F6ORZ+m8NlmEdcPj723Rnzkw98vllSk6acN2f
22xWxcfFKD4uRjnzs/WVLz2o/QeO6pm/btTOXQcIOgCDstmsmj3Lrke/sFz2jMTBHo5iY6L0rW9+
SrfPydRvf7deu/ceNly5cWDkGEVPm63wuASZfFx70uJJITET5L/wPl3I26Oy/H03bEgaO6pFn11R
rRV31ioosF3SwIUbncxmaVpak9KTyrVpe6B+syZUJ89aB3wcA8luT+zTvzmTyaSszCRlZSbrnXc/
8uDIANd521zSEZo/qruXzNJvf79eu/ccHuwhwUtZLe16aWuwHn/4iiLCO/pHLVvgfMBxbXPRK7U+
WrspWDOmVjj9/styavWjr126rr9VS6tJDoe6vR4e2qZ//8JljY5o7bXK5Of/XqElvWx9azJJC26r
17Q055fTLJ5Tr598s0IB/m3dXq9vNMlqUbfeI/aUJv3m+2V6+FujdIG+W4Ni2P6tZ2Um60uP3a9b
Zk6R1epcwma1WjQze4oy7UnatHmXfvbUczp/3vl/zAAG38T4WH3xkeVaumSWbDbvupnMnpGm5KQ4
rX/5bT3zl78bogzfZPbVyMmpis66Tf7hkYM9HEmSJSBIsdl3KHjMWJXs3anaC8WSui4+pqU16vGH
q3RbpnesFbb4SvfOr1NcTKv+d02o3t3jL4dj4AOX/jZyZKimTpms6Oi+/X+SmjJR9oxEvf9BnuGC
QAwd3jqX2GxWzZmdqeTkOK1dt1Vr1m41dGUg+ofV2q6mZpPe2BWgVXfXSJKy05s0aVxLr5UHsaNa
uzUX3fZegOoafK42Le2NPaVJP/xqV7jR1mbSpncDtXZTkHbn+UmSEiY0a8XCOq1eWi1/v3aZTNJn
V1Sr+KKv/vJyz5Ucn7/vSrdwo9Vh0svbAvXqtiAdOWlVWGibMpMbdf9dtcqe2qjw0LYez/NxUxOb
9V9f7wo3Wh0mvbQlSM++FqyCwo5/+3OmN+jz9125el0RH9ui73yhUo//2Duui4aboV8P24MFOdn6
z/94RLfPyXQ63LiW1WrRsnvn6mdP/ouyMl3rAg9g8GTPSNUPv/+oViyf51UXpNcKCQnUZz59t777
nc/1+xruvjJbbYq236pxsxZ6TbjRyWTyUdj4yYqff49GJqR1PLKRdPuMen3ni5VeE25cKz2pSd/7
8mXdv6hmSHainz4txeWdMnpiNvso056oqVMmeWBUgOvmzLLrJ098xavnksiIcH3xkeX67nc+6/Vz
CQae9R9NtNdsDJbjHxuA+Zo7mo32ZuXSGtmsXc1F12zq6DlhtTo3b/3gK5fk79d1/I9/G66vPRFx
NdyQpOOnrXrid+F65D9Gqe6a5Zv/8umqbktjOoUGtenRh65c/b3DIf3rkxH69k8j9EGun67U+uhM
ia9e3hakVd8Yrd+/EHrdOW7k/37pkoID266e99s/Han/89TIq+GGJO3Y669P/dto7drX9RkWza6T
PcW1nmDwjGEXcCy88xZ99SsrlZIS3+dzZc9I1b9+42GXt7oDMLBsNquWL5unH37/MWXPSBvs4Thl
QU62fvLE48qZnz3YQ+mRr81fY+y3akzmrbL4+Q/2cG7IPzxCY7PnKTIpQwtnNeqbn61SepL3XnDE
RLXq8YevaNXdNbI4+TTMCAID/ZWRnqjJk8Z65Hzp6QmyZyQOaN8UoHMu+e7/+ZxXLEnpjc1m1dIl
s/Xd73xO2TNSB3s48CKdu4QVFFr10eHuN+W9Bex3ze6qksgtsCn3H70srE7sPHb3vFqlTOqqvNuy
K1DP3KAiQ5I+yPXTL58Nu/r74MA2PXLflet+7oHFtd0qMjZsC9Jrbwfe8Lw/+UO4tu/tvdHo3fNq
ZU/uumZYtznkpst4nvpruNraOuYls1m6f1HtDX8W/WdYBRxT0ibp0w8v7bHfhiSdPXtBL67fph/+
+Gk9+qUn9OiXntCTP/2r3njzQ5WV91zel5GeoE99coli+lhyC6B/2GxWrXxwob71zYc1MT52sIfj
kpTkOH3rmw9ryeJZgz2UbqyBwYqZfrtGZ9wis9W1Jl2DwRYapgdWjtS/Pe5QykTvX9IwaqRD/7yq
Sg/fUy0/m3MltN7OnpGorMwkjwUSAf5+yrQnKSlxvEfOB/TGyHNJ9ow0ffc7n/fawBwDz3JNk4JX
3uwKAkZFOPSJnBv3sLhrdl23CopX3uq62bc4URS/fEHXuR0O6Rd/7b2S4g8vhOjcha4BL5p9/fjm
zujqt+VwSL9b1/t539/f+/XLspyu8zY1m/S/a25+3gNHbNp/pOu8M6c23OSn0V+GTQ+OAH8/ffrh
Jcq0X5+4NzY2a/3Lb+vpP7+qM2fO93j8lLRJeuTzy5Qzb3q3ckSLxVdz75imsvJK/ei/nu638QNw
z/Jlc/XoF5crMiJ8sIfilonxsXr0CyvU1NSibW/tHuzhyMdiVVTadEWlZcrH1/s7hJvUppkxe7Q8
cZNigssHezhOiwxv0yMPVKup2aR1m4MN3ZPDbDYrIz1BaakTPXreaVnJmj4tVQVHT3v0vP2mfWhU
5NTVNai2tufmvUNVZ7hh5LkkJTlOX/3KQ5LkFXMJBte1y0k2vBmkr326SqMiOtaqLF9Qq/Vbe65S
WHFNc9GKSrNe3HJNwOFEBceUyV3VEHnHbTp+2rklXu/s9tenPtGxfCY8tE0z0xv14cGuypOECV0P
Lw6ftKqo2DPXJ+mJXctZDx23ObVd7ZFTlqsNTGNHt2pEmEOXqwav+fpwNGwCjjtuz1Jq6kRZLN0/
8ukzpfqfX67Tlq0fqLn5+m2KOh3KP6nvfPd/9dGyuXr0keUaNWrk1T8LCPBTxtQEZc9IpWM14EVy
5mdr1UOLDHtB2slrLkxNJo1MmKLI5HTDhBu3xn6o5YmvaUzQxcEejsuiRji0+u4aVVT6auuu3ktp
vdWUtInKykxyq+fVzYSHh2jqlEkaO3aUzp0zwH/fIbCc5mDeCb3y2rsqOl062EMZUEsWz9Jn/unu
ITGX3Ld8nkpLy3SkoGiwh4NBdG0Y0eowacvOQH16WbUkaXpaoxImNF8XPsSOatWt9q4b/jd2Baip
uet7rbdllcnxzd2WkeSfcL5/zb7DflcDDknKSG66GnCMHd3a7bwnnAxNehMf26KwkK7zVl7x0fxb
eg93m5q7FkiYzVLC+BZ9SMAxoIZFwBHg76cFOdmKmxDd7fXGxmb95a+beg03OtXW1mvDy+8owN9P
X/nSg/Lz6/oHlJg4XgsX3ELAAXiJObMz9egXlnu8uVpxSZkKi0pUUlymU4XFKi4pU3V1nUJCAhUb
E6WJ8bGKiY1SfFyMYmOiPPa+3nBhGhIzQZGJU2UN6n0velc4WprVXF2lxitVaqqtUntbmyz+AbIG
BssvPELWwGC3zpsdvVf3Jmz0eLhRXumjonMWlV0yq6LSLJNJio5yaOyYFsWOav3HtrOekRjXoocW
V+viJfPVdc5Gk5WZrEx7Ur+c225PVGZGktcHHHV1DTp27IyCg268Jrw/mUwd21H3ZQebc+cu6m/P
bda72/d5cGTeb87sTK16aKFHv8+lwZtLFuRkq6mpWb/41fM6VVjssfPCWD7eL2PNxmCtvqejwbXZ
3NFI9Pu/GtntZ1bd3dVc1OHoOKbbOXsJODorRDqVXnT+NvTUme4B+ciwrnNFjOh+3gtOVFk4Y1x0
92amC26r14LbXK9eCw9x9P5D8KhhEXBMnTpZEyaMua56Y/3Lb+uddz9yKtzoVFtbr+079iktbaLu
Wnjr1dcDAvwUFxet2JgoQ2ztCAxlsTFRWrp4lseawDU1NWv33sNas3aLdu/JV3X1zfdYlzp2Q8me
kab7ls/TjOlpCgnp+43NnNn2bhfCA8kaGKwRk1MVHD3OI+drrq1W1blTunwiXzXni9XWcuPeGJaA
YIXEjldEwlSFxIyXj6X3pzO3xHyoFYmvKjr4Qp/H2tQs5Rb46eVtQdrxkf9NS1T9bG1KndSsJbfX
ad4tDRo7+vpu766aM71RFZXVulQZ3m0dshFMmhir9PQEBQX1TwXK+HFjlJGeoO0796uqqvfu/4Pl
zJnz+vlTzw3a+8+9Y5oe//KDbgccV6pr9dy6Ldq4aaeHR+bdJsbHasWyuR6bS6qr67Rnb75e2vC2
y3PJqpWLlD091SO7tizIyVZhUYl++/sNbLU8TJk/No2dPGvRh7k2zcrqqNBYOKteP/7NCLVeszzy
rtldN/cfHfbrtouIJJl7KVILDereU6q2wflWkOWV3QccfM25QgK7Bwj1jZ5pMRkY4JkeWJ3b4WLg
GOtKyU0JCeM0YkT3pjCFRSV6d/tHOlfs+lOfgqOntXnze7KnJ2r06K50c+SIUE2ePI6AAxhENptV
SxbP0oKcvjdTKy4p07a3dmv9hrddrpqorq7Tm9t2681tu5WSHKcVy+cpZ352n57E2WxWrVg+T8Ul
ZVq7bqvb53FHeHySRsT3bceoNodD1SWnVXZor6pLTsvR7NxuJi31Nbp0PF+XjufLf0SUIpMzNGJS
imzBPTf7ujXmQ61IeqXPlRvllT5664MAvfB6kPKP2+Ro632JQWOTj/Yd9tO+w3766Z/aZE9p0uq7
qzV7WqMC/Ny/yFk4u16nzln1xxdDul1wejt7RpIy+3G3CZPJpKzMJGVlJumtt/f22/sY2dQpk7V6
5SJNnTLZreNbWlr14ktv6cUX31RLS98DO6Po2IFk6M4lSxbP0slTxdq0eZfb58HQsuGN4KsBx6iR
Dq24s1bPv95RpbF4Tr3GRXc9EF7/xo13ErmRxubuc5czu650Cgzo/rONTV3namntfl6PbbP+sdMU
Flvc6qVx6QrLUwbasAg4Ro4IVYC/X7fXCotKVFbW884ozqisqtH58xXdAo7RoyM0dcokvfPuR26f
F0DfZM9I04Kc7D5XTOzYuV+/+NXzOpB7rM9jOlJQpCM/flobN+3S419+UHNmZ7p9rsiIcN29ZLYK
C0u0e09+n8fmjOCYOI2YlCqLv3tP4dvb21VffkGlB95XVdExtbU6XzX3cQ2Xy3T2vTdUVnBAMVmz
NXJyikw+HRcPJrXpttgPtCzx730KN9rapJ37/PXLZ8N04Ij7y0LqG3303n5/7c7z06ysBn3xgSvK
Sm267smZMwL92zVneoNyC2zdGqt5s1GjRiojI0FjxkQ4fcz58xWS5NIxqakTNS0rRe9/kKeGBu/d
AngwxMZEafXKRbp9TpZbx7e3t2vjpp16bu3rqroyvLY7zJk/Q0sWz+pzxYS3ziUT42P/seyx3CNj
g/G9+nagvvG5SsVEdQSZn5hfdzXgWLGwq0LuQrnvDZuQ3szlK90rK0aEOr90Izqye7haXdN1roqP
VXdc2zejLy5/LJjY9G6gnvpL2A1+Gt5kWGwTGxs76rqbnfPnK/pUzlpbW69KLy6HBYajkJBAzZlt
71M5cVNTs9au26r/+N5vPX7RdyD3mL717V/qd3/Y0KclJhnpCZqZneaRUuXemK1+Co9LUEiMe9tx
NtfVqGTPdh37+xpdPpHfp3DjWo2Xy3X2vTd1Pnf31UqQW2L29DncaGqWXng9SN/75Yg+hRvXam01
6d3dAXrsP6P0xO/Dde68e88WpqU26vYZDQryUNlsf8vMSHS598aHe/L13NotOnnKtd4A6VMna+qU
SS4dM9SFhARq5UMLtXTJbPn4uFf1s+u9g3pu3RadPdv3pV5GEhsTpdtnZ/ZpO9jq6jr97g8b9K1v
/7Jf5pL/+N5vtXbd1j4tMcmekaY5s+0DMpfAGDZv77pfmpbWqMS4Zo0d3b256OYd7j3sOF5k7VZt
kTDB+euBqYndw+uikq6eHGdKLd2ancaP9Uyl2bnzvt02v4qP9cz1C/rfsAg4/P2s8vXtnsJVB7B3
UwAAIABJREFUVlarts79vYnLyi6rsKikr0MD4EHZM9KUPSPN7ePLKyr1/372N/3wv57ut6Vm5RWV
+p9frtOPnnja7QZvNptV2TPSlJGe4OHRXS84Zpz74UZttUr27lDJR7vU0uD5p78t9TUq2btdpR+9
o5kjt+j+5A19Cjeqasz67bpQPfnHETp33vO7xFTVmPXMy6H6+V/C3NrCzmyWbp9er9syG3v/4UEW
GOiv9PQETZ401uljqq7U6lD+SW3ctFOHDp1w6f3SpyYo057s9o38UGOx+OqB+3L00AN3dmuI7oqj
x05rzbotOnBg+D3dnzEjTdnZfZtLfvGrdfqfX65TeYX71cI3U1xSph/+19P6fz/7m9vvMZBzCYxh
zcYgNbd0fI+azdKqpTVadXfN1QaiLa0mPft39xqNX6n10cmzXXPftLRGp5eTzJ7Wdc/mcEjb9/pf
/X1Ts0mF18ypUxOcP+/NFF/0VfE1jVCnTfHMedH/hkXA0RN/P5usFvdX6ISHh7hUQgugf3U2YnN3
15Tq6jo985eNWtPHJ2LOaGpq1sZNu7R23Va3L0wz0hM0Z7bdI81Lb8RstSk4eoICIka7fGxLXa1K
97+n8iP7pfZ+7CDuaNLMiLe0bOIGjQosd/s0NU1Beu3oQr2SP1/V9f23BW57u7TxnUD9em2ozpa6
PgclTGjW9CmNCgny7iqOTHuipmUmy+TC1qh5h04oL++EzhVf1KHDp1xaEuHnZ1VGRoKSk+PdGe6Q
s+Su27TqoUUKC3NvB6KLFy/p2TWvD+621IMkNiZKM2ekud3jYqDnkjXrtuqZv2x0uypwICsC4f3O
llr0QW5XeLBwdr3umtP1/9YHB/x0psT9+6cd1wQT4aFt+syK3qvh7clNmj6lq4Ljo3y/63ph7D3U
VXEZHtqmlUt6nz/GRPV+bbI3r+u8o0Y69Jnl1b0eI3VUewQHevc8PZQNi4DjxMlzuny5+/+QcfEx
iooa4fY5AwP9Fe7mhQMAz+tr9cbGTTu1fsPbA9ZRvjPk2LR5l1vvabNZNWd2Zp8+c2+CRo9V8Jix
Lt2kSlJLfZ1KD7yv8iP71d7WfxO8j0+77s2p01dWV2nsGPdLR2uagvT3k4v09sV7NDLjDkWlZclk
7r8WVW1tJr36VqB+90KIzpe51pDDZDIpdVKTUiZ5784HFouv7BlJSk11PmxwOBzKyzuh/MOnJEkH
Dx7XwYPHXXrfLHuSsvppO1ojmTPLrk+uWqzx48e4dXxNTb2eW7tFr7z6rtraht/TyoyMRGVkuF/R
MBhzyfoNb7u9ww1VHPi4l7Z09deIDHd02w3sJTeai17rmQ0hqq3vuqZ45P4rmjT+xvO3zdqu7z52
uVvlxHMbr7//WrcpWI5r8oovPFh13ba017olo1EPLe49XPnT+tBuy2oeW3VFGck37/U0LrpFT/+4
TOt+fkGJcd47Vw9lwyLgaGhoUktr9/VYI8JDFBjof4MjetdTBceV6lp2UAEGSXxcjCbGx7h17I6d
+7XhlXf6rZT4RsorKrVx0y63m4VOjI9RfJx7n9kZASOjFDDStaeY7e3tqjhxSBUFuWpr7b8dF8zm
di1bUKuvrK66bq96V9Q2B2rjyYV6oyhHzQ6brIHBip42S1GpWVebl/YHh8OkV98K1oZtQXJ1Y4rU
Sc1Km+S9zTTTUifKbk+U1ep8JczRo6d16NDJq7t0HD5SqLxDJ9Ta6nz1T3h4iNLTE9y+sR8KEhPG
66EH75Td7l4fotZWh17a8JbWrNs6LBu22mxWJSdNcLv3xmDOJRteeUc7du536/jkpDglJ7lX/Yih
Z/OOgB6rNM6WWrTp3b5VjZZdNut3z3ftgDYyzKE//KDs6u4t1xof06o/P3GxW6Cw7YOAHsdwrMiq
197pCl+ioxz6048vyp7S/XvM19yuTy+r1m+/f9Gp7VsLCq1at7nrvKFBbfrd98t07/yeK0SW5dTq
hacuaFx0i5Lim/Xkv17q9T3gecNiF5XjJ87o8uVqjbqmYiM5KU5pqROVf/iU6lzsxTFq1Ehlz0hV
3ITobq9funRFJ06c88iYAThvYnysUpLj3CqxLS4p08bNuwati/yB3GNa//I7iomJcvmi2mazKiU5
ThPjY93u53HDc4eEK2BklMwW1/5O68vPq/pcoVqb3O9x1BuzuV3LF9Tpy6uvKHZ0X8ONRVfDjU7W
gGBFT7tNkkllhz9Su6N/gpqGRpN27fNXVkqTZmY431cjMKBdKZObNSG6RadL+285jbsy7a5vDbs/
95j2HTh69fctLa3KO3RCR4+dVlrqROffOyNRmRmJOnPmvEvvPxSMGROhTz28RDnz3d/W9PUt7+u5
Na+rstK5MuyhZmJ8jNvhxqnCYq1/+Z1BnUs2bt6l+PhYl5fXhIQEamJ8jCIjwgc8nIF32rwjUI+t
vNLttU3b3Wsu+nG/XhOmqQnNWnBbvaSOiodnnrigo0VWnSmxqLVVGh3p0NTEpqu9P6SObVq/98sb
V98/+YdwTUtrvFpxkhTfrBefOq8TZ6wqu+Qjf792jY9uVUR4R3DucMipXc1+9OsRShjfouz0jnk6
Ityhn327Qo8/XKWjRVbVN/goLMShyRNaFDuq63qhps5HP/pNuMt/P+i7YVHBcTDvhC5e7J6g+fvb
9NCDd+qW7CkunctqtWje3Glafu/cbq+3tjp0+kyp8lxsjAag7+LjYxTv5kVpbu4x5ea6Vgrvabt3
52v3bveqOOLjYxXvZuXKzQSMjJT/iEiXjmlvc6jqzElVF5/2+Hg6dYUbVX0KN+pa/LX51J3aWpij
Jsf1265aA4IVM22WRk2Z3q/LVfYdtmnnPj/Vu9g3dOLYFk28SVnvYJk0aawyMhIUFOT8hfD58xU6
cqTwupvqA7nHXb5ZHDdutKZOmex27wmjCgoK0MoH7tQ9d8+R2ezepd3uPfla+/wWFZ0u9fDojKMv
36e5uceVO8jbrfZlDMnJcUp2s4cVhp41G0PU2NS1NKOxyaQ1G91rLtqTL/8wUq++HXh1lxKTSUqO
b9ai2XVaOrdO09Iau4Ubh09Y9Zlvj9KF8hvPx2WXzXrse1EqvWbpp8nU0btqVlajslKbroYbV2p9
9KPfOteqoNVh0ue+O0pbdnavHBkf06qFs+q1bEGt5mY3dAs3zp236PPfjdLeQ8bY1n2oGRYBx6VL
V7R7T/51IUd8XIwefOBOpU+d7PS5smek6r7l86+7eDp56pze3b7PI+MF4Bp3l6dUV9cp9+Bxj1c/
uKq8olKFRSVuNYnrr2UqtpBw2UJd61NUc/6crpwr9NhWsD35xLw6famv4UZzgDafXKSthQt6DDc6
WQICFZ15q0b1Y08Oh8OknfsC9P4B15ZMRkc6FB3Zf0uA3OVOH4y8QyeUd+jkda9XVlbr8OFClZa6
1jx22rQUTctKcekYI/P1Nev+FfO18qFFCvB372K6sKhEa9Zt1e49hz08OmNxt4KjurpOBUeLBn2Z
8qnCYuUePO7mXBLbr0seYSylZWbt2tf1fbJrn1+34KCvWh0mff2JSP3z96N04IhNrY7re321t3dU
bTz5x3Dd88/R3XY0uZGCQquWfTlaL28LUl3D9be5DY0mvfFegB746hi9/YHzQXxDo0lf+kGkvvLD
jvFe25fjWpVXfLRuU7Ae+NpofZRPuDFYhsUSFUl6acNbyspK1qhRI7u9Pm/uNEVHR+jXv3lRb761
R83NPV+YjxwZqvuWz9enH15y3TlaWlp1+HChtu9wb+0jAPfFxkQpMjLcreUpBUeLdKSgqB9G5brc
g8eVe/CY5szOdOk4m83a8XfgwdJiH1+LLIEh8rW5NjnXXihW7cX+2z77jhn1evgT1d0anrmqrjlA
r59aqC2FC9TQ2nuoYAkIUmRSuhqrq1RV1D9PZw+fsGpPnr9uSW9UYIBzTR1HhDk0JsohP1ubGpu8
41nF6NEjlZGReN0ceTMNDU06mHdCx46f6fHPO8OP6Gjnq4mSEico056o997PHRZ9JBYtvFWrVi7S
iBHuPV0tr6jUX/+2Sa9ved/DIzOW2JgoxUS7t3NK7sFjynWxKW5/OVJQpIKjRS43oA4JCVRkZFg/
jQreYOHnXAuwvvi9US79/KzVroeDb7wXoDfeC9CoCIemT2lUZLhDFt92VVT5quCkRQWFrl/bVVSa
9c2fRCg4sE1zpjdoTESr2mXShQqzdn3kryu1XXPmxAUTXDr35h0B2rwjQBHhDmWnd4w3wL9NtXVm
nTzrqz15fj2GNRhYwybguHy5Wlu2fqC4CdHXpfNJiRP05H9/Vbvez9Xrr7+ng3knVHq+QjabRTHR
kUqfmqDFd92mrMzkHveTzzt0Qi+u3zYsLqQAb5OcHKfICPcuyjovBL3BkYKOsMXVgEOSIiPDFRkZ
5rGAwxIYLGugayX+jVWX1XCprN/6VUwc16LlC+o0NdH9juT1LX56vXCBXncy3OgUEDlGIycmqeHS
RTVVV7n9/jdTVOyrwmKLpiQ4//mio1oVHelQYbF3BByZGa733sg/fEqH8k+qvb3nYOf4ibPKO3RC
t8/JlL+/rcef+TgfH5PsGYlKn5qgD3cfcmk8RnPrLVP1yVV3uf3kvb6hUeuef0PrX35bDkc/buds
AJ3fo+7o/P72Bp3BvTs7bLm7NS7QVxcrzNr4jme3va+p8+lzU9Qbqag099u50XfDJuCQpJdfeUfh
YcH67D/dc90OKH5+VuXMm6GceTNcOueJE2f13Jot2vvREU8OFYCTUpLjFBnpehOnvpTy9oempmbl
HjyuIwVFSnFxHXRERJgiIsIleeYC2xoQJEuAa1vBNVRVqKGq/7qFz0xv0Mx09xuX1jfb9PqpBdpS
eKdL4UanwMhoBUZG91vAUXjOoqJzbgQco1pVWDz4jUYDA/01depkTZzo/BO89vZ2HczreXnKtT+T
d+ik8g+f0vRpzi87mTplsuwZidqzN3/IbnU6adJYPfTgQpf+Xq7lcDj08ivvau26rap3tQnMENT1
PeqaU4XFKjh6esC2he3NtUsvXV1u485cCgDexjse+wygtc9v1QsvbfPIk86i06V6+s+v6dW/b/fA
yAC4I3vGFMW48dSpoqJK5eXe1S2+urpONTWuBy59efLYE7Ofvyx+ri1Paai8pIbKCo+N4eNGhrVp
RJh7T5hr60z68/og/fF5P12pbnPrHGabn8tLdlxx9ryvTp2zqPUG63p7EhbiUFiwe5/H07LsSZqW
lSyTyfnxFxaV6FD+SdXW1t/05w7ln9TBvBM3rPLoiZ+fVZn2JKWmOL8Di5GMihqhT31yiRbdOdPt
c2x540P99dlNulh22YMjM66QkECFhLj+RNYb55Ly8kpVVLgexrozlwKAtxl2AUdDQ5N+8at1+tnP
n+tTp/BD+Sf1xE/+rBfXb/Pg6AAMlKam5hv23Bks3nKh7Gu1yWx1/ma+raVZrfU1amvpnyeYAX5t
CvBvc+nmuVN9g0l/ey1Yf3oxQCf35Ko09wO1NNz8hronJh+z5NN/U2Zbm0nll826VOX8e9isks06
+AGHxeKrzMwkTUmb5NJxeYdOOrXzWG1tvQ7ln1RhkWv9XbKykpSVmezSMUYQEOCnBx+4U/fec7vM
zuxx2IN9+wv0wotv6uRJtrbvFBwUqJBg1wMOd4Pp/tTc3OI1FSUAMNCG1RKVa724fpsOHzmlRz63
TPPnTVdgoHMlyxcuXNLfN+7Q8y++Oay3UgO8RXBwgGw210v0y8u9I0y4VlNTs5qaXA9dYmOiPLp2
2sdikcni/PTgaGmRo6X/wqL6Rh9VXjGrqUmyOdeGoeO4BpOeeTlEf3wx9B9NxVpUlrdXJknR9lvl
6+/8zUxLQ61aGvr3JqahyaSGJudDHD9rm/ysg7/8Ii1tojLSE+Xr6/zNdtWVWh3KP6mzZy849fOd
zUZdKbkPDQlS+tTJipsQPWTma7PZrBXL5mnVyoVOX7d83Jkz57Vm7Rbtei/Xw6MzttBQ9yo4qqvr
vGapY6fy8kqVl/fPcjoA8HbDNuCQOppC/cs3f66M9ATNmztdt8/JVMLkcbJau98sNTe36NjxM9r0
+nt6480PdebM+UEaMYCPc7VfRafqmjpVe9lTt/KKKo81Cu0Lk8ksH5PzN6uO1uZ+3RpWksorzSqv
9HV6e9j6RpP+8krwNeFGh7bWFl3M2yvJpDGZt8ni59xNYnNdrZrratwZutPqG31U38O2djfiZ22X
zTb4AUdmRpLsGQkuHZOXd1x5eb1Xb3Q6e/aCDuWf1Nw7piks1Pn+MJmZSbLbk4ZMwLFwwUytXrlI
kW70ipCkqqoaPbd2izZu3uXhkQ1f5RWVKndjOUh/ampyr4KDJqMAhoJhHXB06tie8bh+/tRz8vPr
2HJx5MiO9eyXLlXpXHEZpX7AEFNT431P3bxm2YyP1O7jfCVBW6tD7a39s3tKp9wCm3ILrE4FHA2N
Jj37WoieXh/SLdzo1NbaoouH9komk6Ltt8jXL+Cm52ttrNeV4kI1VFx0e/zOaG42yZWpxmzu+DWY
Jk8eJ7s9UUFBN/87vJbD4bjaONQVeXknlHfohObMsjt9TGxMlDLSE7R9xz5dunTFpffzNtkzUrV6
1SJNnjzOreMbG5u17oU39OL6bWptHd47pniSNy4HKa+oVMUl7wpdAGCgDLseHL1pbGzWyVPF2r0n
X7v35OvkqWKvm7gA9J3VapHN5vr+6sNCW3vHLyf5+Jj6tT+F1LHLyOYdQTpadPPlSPUNJv31lWD9
/oUQVV658d1/W0uzLubtUen+92/ak6OloV7nc3erIv9Av1epmM3t8nXhsUNDo48aGl3vS+JJ06el
aHqWa7t4HD16WnmHTqilxbVQLP/wKeXlnXB5O9OsTOP34oibEK2HHljo1tafktTW1q5X/75dz655
3euCXXiezWa9rhoZAIYLAg4AhlZTU+9WCBkZEa7ICM/tPOIJkRHhihg5+GNqdzjU7nD+5tNs9ZPZ
6kJzDDdt3RWgJ/8YroNHe36vc+d99cQfRuhXz4XfNNzo1NbSrPP739OJLS+quuRMtz9ztLSosui4
Trz+vEo/2qHWZve3qHVWUECbAgOcbxpa12BSXf3gTeNjxkRo6pRJinDx39H+3GPaf+CYy+/X0tKq
Q4dO6ujR0y4dlzB5vDLSE+Tv3///j/aHiIgwfeqTS7T4rtvcarQrSdt37NPadVt1/nz/7XQ0XMVE
e7YHkidERoS5tYzJG5ZIAkBfDfslKmFhwYqJiVJqcpxGj47QqKgRio6OUEREuEJCAlVdXaeKikqV
llboYtllXbhQoQMHj+vcuQtqbKSyAxhsRwqKFBMT6fIFps3mfRUc7o7J003uHK0tLlUrWAICZQ0K
lcnHrPa2/i19374nQOdKLboju14pk5oVGtimiiqzDh6z6sNcf50ucf2pZU3JaR199W+yhYQpKCpa
7WpXTek5NdcO7JKG0ZEOjY5w/u+vtt5HtQ2DV8GRmZEoe0aSS8ecP1+hw4cLVVlZ7dZ77jtwVPtz
jyk11fntX318TMrKTFamPUnvvX/QrfcdLP7+Nj14/wItu3euS01cr3X48CmtfX6rDuWf9PDohpbO
vhXeNi+4w90tb91pcg0A3mbYBhzxcTFaeOctWr5sruLjYm78gzGSdH0Tw8KiEm14+R1tfeMDl7eu
AzD4IiPDFRERplOFxYM9lKtiYqIUG+v6k0BPN0xtbahXa0OD5MKDeVtQsKxBIWqq7v8ngIXFFhUW
h3r0nO1tDjVWXVJj1SWPntdZYSEORUc6FODn/NKg+kaTS01JPSkkJFAZGYmaGH+T+bMHB//RR8Nd
lZXVOnKkUBcuXNLo0SOdPm7qlEmyZyTqw935Li9xGSxms4+W3TtXq1cuUnCw8z1OrlVaWq5n17yu
t9/5yMOjG3o6m4W6GpbHxkYpJiZKxSVl/TQy1wUHuxdwAMBQMKwCDn9/m269ZapWPbRIM6anKiDA
z+1zxcfF6Jtf/6T++dH7tGfvYa1Zt0Xvf5CnhoYmD44YQG9KSi52XPy7dp/llT043F037e72sjfS
0tSglsYb96XoiTUoWNag4AEJOIai6MhWjYlyrSdFXb1JdYMUcGSkJyrTnuTSkomGhiblHTqh4yfO
9um98w6dVN6hEy4FHFarRfaMRKWlxuugC7u3DKb582Zo9cpFGjXK+c95rSvVtXp2zet69e871N4+
+LvteDt3dx7xxrkkJCRQwcGuBxzetnU6ALhj2PTgiI2J0g+//5ie+tk3dMftWX0KN64VEOCnO27P
0lM/+4Z++P3HvG4dJjDUHSkoUoUb64ZTkuOUnDTB8wPqg/i4GE2Mj3X5uIqKKo9emLY21KnVxYDD
EhQqa1CIx8Yw3IyJcmhMpGsBR9llX5VfGvhp3GLxVaY9UWkuLBOR/tEk9NDJPt9snzh5VnmHTrr8
QMFud31JzWDJykzW6pWLlJQ4wa3jW1pa9eJLb+n5F96gUbqTyssrVeHGdq8T42NvXgk8CDrmEtfH
5M7nBwBvMywqONKnTtbXv7Za2TPSZLH0z0cOCPDT0sWzFBkRpp8/9ZxhnhABRnekoEjJSdcvI+uN
zWaVPSNRKclxOlJQ1A8jc83E+FjZMxLcKisuLi5TiQfLo5vratRcW632tnaZnNwu1i8kTAERo1VZ
dEJtLVSyucJiaVdyfJMmjXO+CqepWTpdbFFp+cDvlJCWNlEZ6Yku94SYMGGMvvn1T3qk2mjkSNeX
KIWGBMmekaAdO2O8emnpuHGjtfLBO3XbreluHd/e3q6Nm3bqubWvq+pKrYdHN3SVlJSpuLhM2TNc
Oy4kJFD2jATt3BXrFUseU5LjZM9IdKuqhAoOAEPBkA845s+brq9/bXWvT0HOnr2go8dOq6S0XBUV
VTpXfFEVFVWKiAjT2NhRiogIU0x0pJISJ2jcuNE9nsNi8dWs2zIU8Y+Q46239/bDJwJwrd178jUz
272tE+PjYxQfH+sVAUdycpySk10PaqSuteMe09amxiuX1VRbJb8Q5zrxm3zMCh07UTXni1VVdNRz
YxkGpqU2aVZWo/xszlc2nC216HSJrwZ65YHJZFKWPUn2jASXj+3Yucj1nR08KdOepMzMJK8NOMLD
Q/Tw6sVaumS22zumvPf+Qa1Zt1Vnz17w8OiGtvKKKrd3Een8/vaGgCMpyf25pOISFRwAjG9IBxyf
+fTd+uw/3aPo6Mge/7yqqka73svV+pff0f4DR1Vb23tJdlBQgDLtSVqxbK5m3ZahsLDg634mKXGC
/uM7n1dkRLjWvfBGnz8HgJvrvDB19eZpYnysMtITtGPnfo/uQuIqm82q5KQJbi1PKa+oVElpucfL
0BurLqup6rLTAYckBUSMUmjsBNWcPyNHY/9vqzoU+Pu167bMemWmuFb1crrEotOlAz+FT540VvaM
JAUFudf0crBFR0dq6pTJeufdj3Tp0sDuktMbm82qB+7L0Yrl89yuNj1x4qyef+FN7T9AyOiqpqZm
lZSWG3ouCQkJVEpynFvLpU8VFutUoXcGf/BOk8a1aEpi19y1+6C/Ssvc2+0J8KQh24PDbk/UJ+65
vcdwo7GxWX965jV9Yvk39NWv/0w7du53KtyQpNraeu3YuV9f/frPdN+D/6a167b2uF3s2LGj9NCD
d8puT+zzZwFwcwUFRSpwswqjoxeHe0+7PCUjPUH2DPe+K3Jzjys395iHRyQ1VV9Wo4sNQ00mk8LG
T1bYuMkeH89QdUtGg2ZPa5TZxWvC0yW+OlMy8I0Np01L0bSs5AF/X0+aPi1F06elDPYwuvHxMene
e27XJ1fdpdCQILfOcfHiJf31uc3a+uYHHh7d8GH8uSRRGemuV1dJUmFhiQq9oAIFxjErq0E//VbF
1V9pk1meCu8wJAOOgAA/PfrI8h4nmtLScv33k8/of3/zYp+39Co6Xaqf/n/P6r+ffEalpeXX/Xly
UpwefWS5xxqaAuhZX548Zc9I+0f/nMEpnY+MCNeCnGy3L0r766lbS32dGi6VqaXBtWajfmEjFJWS
oeDo8R4f01AzeUKzli2oVdpk16pvLlaYdbrEovpG95YwuCs6OlLpUyYrIsKF/YO90ORJY5WRnqjA
QP/BHspVc++YptUrF92w4rQ3dXUNWrNuq15+5R05HG0eHt3w0Zfv04z0BC3IyR7cuWT+DLfC8qam
ZhUcLaKCw4uNCHNo/S/O67Vfl+q1X5fqsZXeVYEGeJMhGXA88rl7e2yAdij/pL77vd9o3QtvqKqq
xiPvVVVVo3UvvKHv/+iPOnmqe/Lt62tWRnqiHvncvR55LwA9q66uU8HRIrdDy6VLZmv5srkDvtWf
zWbVksWztHTJLLfe+1RhsQqOnu63XRJqLpao9oLrT/RCYuM0asp0+YdH9MOohoaYUS165L5qLZ7j
WoAkSUeLrDpaOPDVG/aMxCFRlWgymZSVmaRML/ksGekJWr3yLqW6uCtNp9ZWh9ZveFvrXniDrer7
qLq6ToVFJW714rDZrFq6ZJaWLHbv+7wvbDarli+bq6VLZrt1/KnCEh0pKGLHHS/2wKJaZSQ3KXVy
s1InN+v+hZ65jwGGoiEXcGRlJmtBzszrnjCVlJbr50+t0fYd+9XS4tpWfL1paWnVtrd268dP/Ekl
H6vkiIgI04KcmcrKNHZJL+Dt+lJaHBISqKVLZmv2LLuHR3Vzs2fZtWL5PLef+PXX8pRODeXnVXex
WG0O178zR0xK1qj0bFmCru9TNNyFBrVp9d01WnKH62v1a+tN+uCAn/KOD+wNVMdOEYletx2mu9JS
Jyp9aoLMrq4N8rDYmCitfHBhn757Xt/yvv767Ca2+PSQ3Nxjys097taxkRHhWrF83oDPJTnzZ2jF
8nlu7cIl9e0zY2Asmt19vhgf06qcW+l15ayIcIf+8MOyq79W3U1ANJQNqYAjIMBPX3onbJ+jAAAg
AElEQVTsfiVMHtvt9YaGJv35mdd08GD/fnkfPHhcf3tu83WvJ0weqy88sqxf3xsY7o4UFGn3nny3
G7ylJMfpvuXzlOJm9/mBfr/ikjLt3pvf56V2N9Pe3q7ashLVl593+ViTyUdRyXaNu2UBlRzXiIlq
0b/8U6Ue/kSNS7umdPog11/v7fdTW9vALk+xZyQq057k9s4e3sZqtSgrM0lTp0watDGEhQbpk6sX
656758jHye2YP273nsNa+/xWFZ0u9fDohi8jziV3L5ntVpNqqePz7th1wO0dZND/MpKbelzKuCyH
baCdFeDfpnkz66/+SphAtdJQNqQCjunTUhQTE3XdE5lNm3fpnXf36Up1/34RXKmu1Ztv7tZL69/q
9rrZbNaE8dG6fU5mv74/MNzt3pOv3Xvy3T5+QU62fvCfj2pOPz99mzPLrh/856NakJPt9jl2787X
7t3uf1Zn1ZSeVdXZQrW1trh8rMlsVkTiFMXn3KuwCQlD5ubYHSaTNDO9QU9+q0KfvKdaAX6uhxtV
1T56/4Cfjpyy9cMIb8xi8ZU9I1GpKfED+r79LdOepEx70qC8t8Xiq/tWzNf9K+bLarW4dY7CohKt
WbelT9956JlR5pKc+dn6yROP920u6eNnRf+7f1GNOqfPa8PtOdMa/n/27jzO6vo+9P97YJhhGQaQ
TQU3VLa4MKhgNOiNYtQYkyYmJjG3zU3vzdL0Nr2/tmm9v3vbNE1uk1rTR5smTcxyE9NEzQJJ3eKC
GMUNjLIqgiyCINvAwDADs8/9YwLDyCIzzPaG5/M/xnMOn8GB7zmv72eJoaX23IE3O64Cx/XXXRan
ntL2TuHKV9fHL2Y/Fq+t6567G6+teyN+MfuxWPnq+jZfHzlyaFw5Q+CArnSsd94iWu5U3/YPn4tP
f/IDHZ7uezilpYPi05/8QNz2D5/r8KkpEd0ze2OfpoaG2Lnmldi1fnWHX6Nk9Jg466ob4+Syy6Jv
8Ym36fKA/k3xsfdUxj98fntcemFth0PPUy/0j6de6P6NMS84/9yYWjbxoH2tsispGRhTpoyPc845
7a0f3IkKCgrivTdeEf/5Y+8+5FHzR2PHjsr48V2/jl8/9Ewnj46IPNeSL//dZ45ppkhnfJ90rcK+
zXH121uXotz7+KCoq2+5hgwc0BQfvt5SC3iz4yZwnHnGqTF54lkHnVjy2NwFsX795m4dy/r1m+Ox
uQvafG1IaUlMmTIhRo3smd214URx/wNPxf0PzDum1xg5Ylj86Z98JL70t5+JSRPP7JRxTZp4Znzp
bz8Tf/onHzmmXfZra+vigQefikfnzO+UcR2N6vLNsWPNK+0+NvZARQNL4vTLZsak9/+XGHXBtBNi
b46ThjTEB95VFT/8+y3xvz6zI8aO7vj+T1t39I1nF/ePNa937G5/R+3bkPN42Fz0UC4qmxgXdfMs
jitmlMUtH7kuThs7ukPP37O3Ju6+56GYNXtuNDY2dvLo2OfROfOP+d/Z3n4tmfPY/Hhy3sJOGRdd
471X74mRw1r+njc3R/z4PwbHb5e1fta5/gpxCt6ssKcH0FluePflMXr08DZf2759Vzw3f1ls2bqj
W8eyZeuOeG7+srj5g9fE8OFD9n/95NEnxbuvf0f88Ef3det44ESyrbwi7n/wqTj77LExfdp5HX6d
lh3xZ8Q1M6fH/AXL4id3PxwLnm/fna7S0kEx7ZLz4oMfuCqmTzuvU+7iPTpnfsyaPbfb77jtWL08
iocMi1PK3h59Czu+weWgEaPjrCuujzEXz4iKtSujYs0rUVNRHvV7qjq0DKY3KS5qjuFDG+OssfVx
9aV74l2X74lTRh37B9C6uoj/eGxQPDSvc+8CH43x554eUy4cHwMHtG/mzQsvLo9/+dd74ulnFnfR
yNrq168w/vtnb44/+vRN7do4dPTo4TFlyoR4Yt6LsXnz9i4cYYvJk8fFLR+9rsPHQjc2NsWvfvWb
+MndD0VVVftP4OHobdi4Ne5/8KkYN27MMc24O/BasmjxyvjJ3Q/FvKcWtvtaMuMdZfGx3/3sdMYp
LY/OmR/3P/CUk1N6ufe+s3V5/Yq1RbFweXE8NG9AXFbWMqvjvHPrYsqk2li0vP1LF88Y0xAfunZ3
XDqlJk4d1RClg5qiOSIqd/eNla/1i8eeGxg/vrf9NyMmnFUXH33P7nj7hTUxcnhjDChujqrqPrH6
9X7xyNMD40e/GhwNjUc/k/GWG3fHtZdXx4Rx9TGkpClq6wpiV1WfeGVNUTz2zID42UOHHuNX/nx7
jBjacg0uLGy7LPTyqTXx3S+1zoK958GSeOzZgV0yjn3ee1V13PjO1r/3X7ljWKzZcOSbFrd+ckec
fXrLzZHynX3jf35t+EGPufrte+Ij7279Ofn7O4bF65sK47O37Ipr37EnxoxuiH6FzfHAbwbFX95+
YuyJdtwEjosvnhzDhrX9wXrm2SXxxptONekub7yxLZ55dknc+J7WI7tGjBgaV145VeCALjZ/wbL9
b0yP5Q5XRMub0ytmTI0rZkyN1Ws2xKNz5sfCRStj48YtsfGNbW3epBYXF8WYU0fGuHFjo2zK+Lhm
5vQOb/x2KKvXbIhHH1sQq9e0/+jWY9VUXxflyxdH/8FDY8TEC4/59YoGlsTot02N0W9rWbrX3NQU
9Xv3RH317misP8Ib7uamqKuuiuptm2Ln+lVRs6Pz/40fNLApzju3Ni4rq4kJZ9ZHacmR1zgPGtgU
o05qiGFDmqJfF1xVH5xXEnfdPzh2Vnb/EpGLLprU7lPAmpubY9HilbF4yatdNKqD1dc3xNJlq2PF
inUxuZ17hUydMiEuKpsYD/z66S4aXYsxp46Mj//nG2LmVdM6/Brl5RVRUjIwPvLhd3XiyNqvomJ3
PDd/6UHLcY838xcsiwceHBNjx47qlGvJ9GnnxfRp58XqNRviyXkLY+GiFbFmzYaDriWlpYMOuJZM
iCtmlHXqteTl5Wvj/gef6pFrCUdv7OiGmH5hzf5fz/ndB/BfzSmJP//DnTGkpCkKClr26Ghv4Pjj
j+2KT35oVwwedPD1bWD/hjh5ZENcccne+P33VsatXxsRC4/y9f/4Y7viMx/eFQMHtH3dk4Y2xklD
G+OS82vixndWxee+PCpe33zkC+b0C2ri7z63Pc45o+3Nj6J+zTF4UFOMHd0QM9++J26+vipu/dqI
WLW+bSy4rGzvYWdOjhtbH+PGtr7u0y8ePuIf6zj2Ofv0+rjq0tYw/W93Dznk4w508fm1UTap5fjv
DVsO/ed12skNbV73x/eWxO1/WR5TJrU9Nnzk8BNnxt9xETimTzsvTh49/KC7Nk8/szg2bS7vkTFt
2lweTz+zuE3g6Nu3b5w8enhMn3aeDZ2giz366Pw4e9yY+OiHr+2Uu10REWePGxtnf6rtm8xt5RWx
bdvOGDly6DG/AT6SbeUVcfc9D3fr0pQ3q62siG3LF0bR4CFROubMTn3tgj59omhQSRQNKjmqx4+Y
cH6cvHt6bHrx6di2fFGnzP4oKmqOq6ZXx2c+Uhnnj+8ddzWf/G3/+PG9g2P9G927NCWi5QP5lAvG
H3Ts+ltZt35TvPTSmm6fYbB06auxZOmqdgeOs88eG+eff2785skXo7q6a45dLC0dFLd89Lp4zw0z
3vrBRzB69PB4741XdNKoOm7ta29Exc7K4z5w1NbWxf0PPBVjx47q/GvJuLHxiY/fuP9r3Xktmf3L
uZamJHDz9bujqF/LzIP6hoL4xUMt18fqvX3iqd8O2H/U+NVv3xtf+HrzUc+K+J+froj/9sFdB319
T01B9O3TMhtxn3POqI8ffGVLfOpvRsWCJUeeyffRG3bHFZe89b+hF0yoi6/dui1u/h+nHPYx775i
T/zDX5QfFEr21BREUb+WvUn2KZtcG9/64tb4/b8cHZu3de5H294yjva49VM7D3lKTHPzibPR+3ER
OMaOHRVFRW2/lRUr18WqNa/H3r21h3lW19q7tzZWrXk9VqxcFxPGn7H/60VFhTF27KiYv+AITwaO
2bbyivj2HbMjIjr1jembjRwxrEvfjEZEVFZWxw/vvD/uuufhHp9OXLlxXfRd9Gz07VcUg0ad2qNj
KR48JMZeelX0KewXmxfPj+amY7s7cd07quNP/2BnnDmm43tldKZX1vSLux8ojYUvd++pKfuUlXVs
742lS1fHkqXdN3tjny1bd8TSl1bFVdsuadd+VwUFBXHx72aqPDnvxS4Z2/tuvDJu/uA10b9/1/w7
1N2am5ujuf0HAaV0PF1LtpVXxB3fmd0rriW8tWtntEbiF14qbjPj4d7HS/YHjpHDGuN9M6tj1sNv
fYPg/TOr4r/e1Bo3qvf2iR/9anDMeqQk1v5uucSlF9bEH95UGVe/veX3HzyoKW7/q/K44VOnxu7q
w2/fuC9urH69X/zkvsHx3KL+sX5Tv5h8dl184Jqq+NB1u2PfveiL3lYbN1xZHQ88cfDSywsm1MXf
/1lrVGhobIk7P753cCxfU7T/9/pvH9wVl09tmeEybmx9/P+fqojP/Z+R+1/nE7eO3h9rhgxuip/c
3ron46yHS+IHs0v3/3pT+cEfiTtrHN1tX9yorOoTzy3uH5u2FkZBn+Z44zAzQI5Hx8V3OnbMqCgu
anvBWb9+c1RVdc2dmKNVs7c2yst3tgkcxUVFMXbMqB4cFZw4uuuNaVeqra2L2b+aG7Nmz+01b0gr
1q6MiIIYM+3KGDTy8HdgukNhcf8Yfu7bYm/Fttj5Wsc/VJ93bm285z9V95q4sf6Nwvjuz4bEI08d
eU1wVyktHRRTLhwfZ53Zvoi1e/eeWLL01Vj7WvecXPZmS5auiiVLVsbMq9t3bOb5550TU8smxLPP
LYn6+s79GRg4oH+MGTMqTjqp9K0fnERBQUGcSKc+byuviLvufjhGDB96zLNwekptbV3M/uXjMeuX
vedawuG946KaOOf01pmJDz3ZNgTMeWZAbNxaGGNGtfx79d53Vr1l4BjQvzn+7BMV+//u1tQWxJ98
aUQ88Xzb68xzi/vHc4v7xxf++/b4g/e1nNIyZlRD/NFHd8Vt3ztyhHv4qYHx/31lZNTWtf4D8cJL
xfHCS8XxxrbC+LP/0rpZ+dWX7Tlk4PibP96+f+lMY2PErbcPj1/Oafu9Pfn8gHjy+QFx51c3xzsu
aokL182ojrLJrTcFDtzf4vRT287y3FNbsD9SHE5njaMnzHl2YPzV7SNiZ+Vxc55IuxwX3/X0aedH
SUnbv5zl5Tujpodmb+xTU1MX5dt3tvlaScnAmD7t/B4aEZx4tpVXxA9+eF/M/uXj6d7UVVZWxw9/
dH98+47Zsa284yeYdIWKtSti/TNzYvemnp+iPmjUqVE65qzo06/jbyamTKyNKZN6x8/HouVF8bff
PCn+Y+7RLdfpClPLJsbUsontPtJ22UurYumyVV00qre2YsVrsWTpqqira9+SpcLCvlE2ZUKcf945
XTQyslu9ZkN8/Rs/jdkJA8G28oq447uz4wc/vM+RsEnc9K7W4193V/eJ2Y8eHALmPtd6bPi0C2rj
tJOPHGc/dN3uOPWAja+/94shB8WNA33xG8Nj1brWSDDzsiMvO1yyoig++8VRbeLGgb7389LYVdX6
0fPc0w/+d/rGq6r27zkREXHPg6UHRYUD/fOPhkVTU8vv17dvxIeuqzrsY9ujt4yjIxa/Uhyf/ptR
J2zciDhOAseYMSOjuLjt+uT1r2+O3T28w3jFzt3xyiuvtflacXG/GDOm56YtwYlow8atcdvXfhRf
/8ZPe10oOJxt5RXx9W/cE//yr/f02jFXvr4m1j7+QGxfuSyam4+8EWdXKyoZHMXHcPTskNKmGDq4
ZzfgamyMuP/xgXHrP42IJxYM7LElAP36FcaUC8fH29q5l0VTU8vmoj0ZOBobm2LpstXx0str2v3c
KReOj6llE9oddThxrF6zIW67/d/jju/2vuh8OBs2bo2vf+On8e3v5BnziW7QgKa4clrrLPSnXhwQ
1XsP/sg2+5HB+68TRf2a4+brj/yh+voDlrxUVvVps0TjcB4+YBbhWWMaDrkp6T7fn3XkTTNr6wpi
3cbWxQOlgw9+rffP3NPm8d+868ivufDl4njxgJkSl17QObP3e8s4OuJHv+r4e6HjxXEROMaOGRVF
RQcHjp4+Qq2mpjbKt7fdxKeoqJ8lKtADKiur4wd33hf/+LV/7/U7x7+8fG389Re+HT+4875ef6dw
746tse6pR2Lzwueisa7nZs0VFg+IvsUD3vqBh1Bc1ByDBjRHO04X7XR7awriJ/cOjq9896R49bWe
XUp14QXnxtSyiVFY2L4/kFWrX4+XXloTNTU9+zO7ePHKWNKBE1xKSgZG2ZSJce45p3XBqDhebCuv
iG9/Z3Z8/Rs/jQ0bt771E3rQwkUr4q+/8O246+6Hev21hFY3XVsVQw44vevexw59RPiSFUWxfHXr
9eLaGUeenTPp7NafgSUrio7qDv/j8wfG3fcPjrvvHxw/fbAkBg86fHmvO8zMjQPtqWn9PQcWH/xa
F05oPTVm6cri2FL+1tehl1e3fgYce3JDnDT02G9W9JZxdMSBf8YnquNiD445j82Piy9+Wwwd0jJ1
6JUVr8WmTeXR0NCzd+NqauritdfeiNdf3xKnnTY6IiK2b98VTzz5Qo+OC05UtbV1MWv23Fi0aGV8
4uM3xg3vfkeUlh76jUNPqKysjtm/mhs/+OF9vf6N84Hq9+yO1+c/HlVbNsYpF10eg0ae0u13wRtq
a6KxtmN3TGrrCmLX7j5RWxtR3M1LZhsbW6aTfufnpfHk8wMPO7W3uxQUFMTUDm8uuqpHNhd9s12V
VbH0pdXx+oYtcdrY0e167sUXTYqLL5583J8OwrGpra2Lu+5+KBYtWhGf+dRNMfPqab1qj6es1xJa
3HBl6w3aTVsL45GnD7+M5JGnB8bkc1rCxdmn1ccVF++NJ397cOyffE5dm9kXK48ypC9cXnzUR8Qe
jQNnJhYUtA0c48bWx9DS1jFW7Oqzf6PTI6mta/1A37dvxPgz6uO5nR2/Y9FbxkHHHReB41/+9Z54
9/WXx4dumhnr1m+Ku3/6SKxbt6mnhxUREWvWbIhvfuvn8fE/eE+MHDE0fj5rTjz466d7elhwQlu9
ZkN86e+/H0/MezE+/ckPRNmU9n+Y62wLF62IO747O56ctzDlnbbmxobYsfrlqNq6MU6+YHqMnDwl
Cjs4o6Ij6vdURX11x9eWbynvE5vLC+OMbtxkdNW6fvGDX5bGg08Misqq3nHHZcL4M2LKheNj4IAj
Hwf4Zjt3VcWyl1fHxje2ddHI2mfpslWxZOmqdgeOESOGxoXnnxtPPPFCr/le6L1eXr42Pn/r1+OK
GWW95loyf8Gy+PZ3Zsf8BctSXktOdOPPrIuySa2zB+bOP/JG07MeGRyfvWXX/uNkb3pX1SEDx6iT
2t703bGr933wPv3Uttffay7fE9dc3v7Z+MNKj+0Gd28ZBx13XASOl5evjZeXr43b/+nHPT2Ug+zc
VRU/nzUnfj5rTk8PBThAbW1dPDpnfsxfsCyumDE1bvnIdTHlwnO79S5cbW1dLFr8atx1z0Px5LwX
j4vN3+p274r1zzwa215ZHCMnT4nhZ0+OopKuPT1i787tUbVlQzTUdXzN6/ylA2L+0to4/dTdXT77
ZPO2vnH3AyXxs18Pjq07etdleOrUiXHR1Entft7ixStj8eKVXTCijlm16vVYuvTVeOeVF8XAge2L
NWVlE6KsbKLAwVHpDdeSysrqWPD8svjF7Lkxf8Gy4+JacqL68Lur2iyX3L6zT9x83e7DPyFaTt06
54yWDTuvuGRvDB7UdNBxroNL2n7YrjrCca89ZdDAztnLq/8hlr5kHAcd17veWQF0s8rK6rj/gXnx
6Jz5MX3aefGxj14b0y45r0uXrux7M/qTux8+Pu+yNTfH3u1bYv28h2PTb5+OoePGx6iJZTFw1MnR
p2/nXnYaamujfPniqFiz4pheZ9PWwrj3sZI489T6mHZB5+8lsmdvQSx+pSgeeWZQ/GbBgFj/Rr+3
flI3GztmVEy5YHyMGDG0Xc9raGiMJUtfjZeXr+2ikXXMkqWrYumy1TF92tva9bxxZ42JKReOP26i
I91j37Xk/gfmxeRJZ8UtH7kuZs6cFiNHHPlYzWOxYePWeODBp2LW7Lm9fm8pjs6bTyr53O/vPMwj
D620pCk+eG3VQRuI1ta2DRr9+vXCD99vGtKaDf1iRweWeGw/1tkpvWUcdJjAARAtd+GenPdiPDnv
xRg5YlhMmTI+3jVzesyYUdYpb1C3lVfEvHkL45E582PRopUnzG729XurYttLL8a2l16M4qEnxUnj
JsbQMyfEwOGjo/AYN7yo3b0r3lj4TJS/vCiaGtp3LOihPLuof1TtOSk+8+FdcdWle6LoGG7ANjc3
x5bywnh2Uf94fP6AWLBkQGyr6N1vdlpmLrR/iv0rK16LpctWRX199y3vORpLl66KJUtWxrRLJrdr
Vs6+fUimlk2M3zxhz6yu1tTUHDV7a2NXZfuOVdy9u7rX/czt8/LytfG/v/Ct+Jd/vSeuuWZ6XDNz
ekyaeGanXEs2bNwaixevjEfmzBfhjjPXz6iOsaOP/Wf6hiurDwocFW/aUHTIIU4w6WlvXjbzwG8G
xT/f2b7gfjyNg44TOADeZFt5RTw6Z348Omd+RPzuzvaUCXH2uDFx9rixMWLEsP1HPh/4hnVbeUVs
3LgtamvrY/fuqli9ZmO8vHxtLFq0wkZvEVG7c0dsevGZ2PTiM9GnsDCKS0+KQaNPif6lw6Ow/4Ao
7D8g+hQXR9++hRFxuA+kTVFXtTuqtr4RletXx96K8k4d49KVxfH5fxwR50+ojcun1MT4s+qjtOTI
bwSr9hTE5vLC2Lilb2zYXBgbtxTGuk39oiLZ3Zv77p8X990/r6eH0Wn27K2Jr/7jnfHVf7yz58dx
2w/jq7f9sEfH0Vvt3Lm7V/x/6grbyivirrsfirvufigiWq4l06efF2UXTogpUybEuLNOPeJSlsrK
6lizdmMsWrwiFi5a6VpynPu9ma2Rr7ExYuW6o6/sJw1pjNHDW5ahXDChNiaNq4vla1qf/+q6omhs
jP3LX844pffFwdc3FUZzc8S+Hj1u7LHfuOhN4+ipo99PRAIHwFvYsHGrN5WdrKmhIfbu2Bp7d/S+
P9c9NX1i/uIBMX9x922SChz/NmzcGhtmz41Zs+f29FDoZUYMa4zLprZuLvr8sv7xsb84+aifP/Oy
vXHHF7dEREvEuPndu+OL3xi+/7/vrOwTazf0279Xx6Szj24p5sXn1cTN17WGl3+6c2hs3tY1Hx83
bCmMDVsK47STW+LLxefXRGHf5mho7N7TxbpqHHtr2j6/pJP2+uBgvW+HGQAAgBPEzdfvjoH9W2/x
P/Rk+/YBm/PMgNi4tTU8XPP2gzfdfmZR64bL55xRH1dc8tYbc183Y0/cdG1V3HRtVdx4VXWXz0x8
fknr0tXRwxvjEx+oPKrnjRtb3+YY3DdrbmpfnOiKcex80zKhs97i1LbCvs1xkpNYOkTgAAAA6CHX
z2jdXHR3dZ+Y/Wj7Nzqf+1zrrMNTRjXEjVe13dfmJ/eVRn1D6wf9z/9hRQwacPgoMG5sffze1a2v
8cJLxVFb17WzKf7vrCFtxvhHt+yKKZOOPNvk9FPr4/v/Z2vc80+bY8JZh960ffeeth95BxQdeb1I
V4zjhZfbnuj1n6YfOTDd+qmKbj26/ngicAAAAPSAssm1Mens1g/E817oH9V72/8RbdbDg9vs8/C+
q9puQLtqXb+Y9XDJ/l9PPqcuvvW3W+PUUQfPErjq0j3xg69uiWFDWgJIY2PEd342pN1jaq/la4ri
ngdbxzikpCnu+OLWNqHlQO+fWRU/++fNcfqp9TFxXF3c9vnth3zczso+bf5MLzm/JoaWHj7udMU4
Vq3rF2s3tJ6gdsXFe+JvPrvjoMg0/sy6+Pr/2nbUs0Y4mD04AAAAesCHrquKAw96um9uyeEffARL
VxbF8tVFMfmclljy9ik1MXpEY2wpb11Wctv3hkXZ5Nr9Mwwun1oTj3x/QyxZWRxbyvtG3z4RZ59e
HxPOqts/pubmiH+7e2g8+Xz37Ev15X87KcafUR/TL2zZk2TEsMb42q3l8bnf3xmvrC2KPXv7xNDS
xjj3zPo2p87sru4TX/7W4U8qWr66KC4+r+U1zxjTEHPv3BAr1hRFcVFzPPjEwPjeL9oGnK4Yx08f
LIlbP9Vyil5BQcTH318Z772qKlatL4qm5ojhQxrjrLH1+zeDpWMEDgAAgG5W2Lc5rr60dXnKpq2F
8cjTAzv8eo88PXB/4Ohf3Bwfvn53fP3fW4843VXVJz7116Pi23+3NSaNa3ncgP7NMf2CmkO+Xm1d
QXzzrqHxzZ90/eyNfRoaC+K//u/Rcftflsd1M1pnoZwxpuGwSzZe39Qv/uK24fHbZf0P+d8jIv79
3sFRNqlmfzwYUtIU0373fT/1wsHP64pxfPfnQ+L8CXVxw5WtrzdsSFNccv7Bf/6vrCmK7Tv7xOVT
D/3/hsOzRAUAAKCbvX9mdYwY1rpEZO78jseNiIhZjwyOuvrW6SDXHbC3xz4bthTG7332lPjnO4fG
axsPfa+7rr4gfrNgQPzBX43u1rixz96agvjjvxsZf/KlUbHw5eI2+2EcqGJXn7jngcFx8/84+Yhx
IyLi/scHxZe/NTwqdh388beg4NCv3xXj+NyXR8bt/3fYYU+jKa/oG9//RWnc8ucnpztuvrcoGDf+
fU7lBQAAOMFMPqcuJpxVFyOGNUVzU3Ns3l4Y854fELuqes998BHDGmP6hTUxclhjDBzQFFXVfWPV
+sJYsKR/u49vHTyoKd45fW+MGd0QdfUFse6NfvHswuKj2vekM8cR0bKMaPxZddhYtFsAACAASURB
VDGwf3NUVhXE6vVF8dziIwcS3prAAQAAAKTXe9IcAAAAQAcJHAAAAEB6AgcAAACQnsABAAAApCdw
AAAAAOkJHAAAAEB6AgcAAACQnsABAAAApCdwAAAAAOkJHAAAAEB6AgcAAACQnsABAAAApCdwAAAA
AOkJHAAAAEB6AgcAAACQnsABAAAApCdwAAAAAOkJHAAAAEB6AgcAAACQnsABAAAApCdwAAAAAOkJ
HAAAAEB6AgcAAACQnsABAAAApCdwAAAAAOkJHAAAAEB6AgcAAACQnsABAAAApCdwAAAAAOkJHAAA
AEB6AgcAAACQnsABAAAApCdwAAAAAOkJHAAAAEB6AgcAAACQnsABAAAApFewd+/e5p4eBAAAAMCx
MIMDAAAASE/gAAAAANITOAAAAID0BA4AAAAgPYEDAAAASE/gAAAAANITOAAAAID0BA4AAAAgPYED
AAAASE/gAAAAANITOAAAAID0BA4AAAAgPYEDAAAASE/gAAAAANITOAAAAID0BA4AAAAgPYEDAAAA
SE/gAAAAANITOAAAAID0BA4AAAAgPYEDAAAASE/gAAAAANITOAAAAID0BA4AAAAgPYEDAAAASE/g
AAAAANITOAAAAID0BA4AAAAgPYEDAAAASE/gAAAAANITOAAAAID0BA4AAAAgPYEDAAAASE/gAAAA
ANITOAAAAID0BA4AAAAgPYEDAAAASE/gAAAAANITOAAAAID0BA4AAAAgPYEDAAAASE/gAAAAANIT
OAAAAID0BA4AAAAgPYEDAAAASE/gAAAAANITOAAAAID0BA4AAAAgPYEDAAAASE/gAAAAANITOAAA
AID0BA4AAAAgPYEDAAAASE/gAAAAANITOAAAAID0BA4AAAAgPYEDAAAASE/gAAAAANITOAAAAID0
BA4AAAAgPYEDAAAASE/gAAAAANITOAAAAID0BA4AAAAgPYEDAAAASE/gAAAAANITOAAAAID0BA4A
AAAgPYEDAAAASE/gAAAAANITOAAAAID0BA4AAAAgPYEDAAAASE/gAAAAANITOAAAAID0BA4AAAAg
PYEDAAAASE/gAAAAANITOAAAAID0BA4AAAAgPYEDAAAASE/gAAAAANITOAAAAID0BA4AAAAgPYED
AAAASE/gAAAAANITOAAAAID0BA4AAAAgPYEDAAAASE/gAAAAANITOAAAAID0BA4AAAAgPYEDAAAA
SE/gAAAAANITOAAAAID0BA4AAAAgPYEDAAAASE/gAAAAANITOAAAAID0BA4AAAAgPYEDAAAASE/g
AAAAANITOAAAAID0BA4AAAAgPYEDAAAASE/gAAAAANITOAAAAID0BA4AAAAgPYEDAAAASE/gAAAA
ANITOAAAAID0BA4AAAAgPYEDAAAASE/gAAAAANITOAAAAID0BA4AAAAgPYEDAAAASE/gAAAAANIT
OAAAAID0BA4AAAAgPYEDAAAASE/gAAAAANITOAAAAID0BA4AAAAgPYEDAAAASE/gAAAAANITOAAA
AID0BA4AAAAgPYEDAAAASE/gAAAAANITOAAAAID0BA4AAAAgPYEDAAAASE/gAAAAANITOAAAAID0
BA4AAAAgPYEDAAAASE/gAAAAANITOAAAAID0BA4AAAAgPYEDAAAASE/gAAAAANITOAAAAID0BA4A
AAAgPYEDAAAASE/gAAAAANITOAAAAID0BA4AAAAgPYEDAAAASE/gAAAAANITOAAAAID0BA4AAAAg
PYEDAAAASE/gAAAAANITOAAAAID0BA4AAAAgPYEDAAAASE/gAAAAANITOAAAAID0BA4AAAAgPYED
AAAASE/gAAAAANITOAAAAID0BA4AAAAgPYEDAAAASE/gAAAAANITOAAAAID0BA4AAAAgPYEDAAAA
SE/gAAAAANITOAAAAID0BA4AAAAgPYEDAAAASE/gAAAAANITOAAAAID0BA4AAAAgPYEDAAAASE/g
AAAAANITOAAAAID0BA4AAAAgPYEDAAAASE/gAAAAANITOAAAAID0BA4AAAAgPYEDAAAASE/gAAAA
ANITOAAAAID0BA4AAAAgPYEDAAAASE/gAAAAANITOAAAAID0BA4AAAAgPYEDAAAASE/gAAAAANIT
OAAAAID0BA4AAAAgPYEDAAAASE/gAAAAANITOAAAAID0BA4AAAAgPYEDAAAASE/gAAAAANITOAAA
AID0BA4AAAAgPYEDAAAASE/gAAAAANITOAAAAID0BA4AAAAgPYEDAAAASE/gAAAAANITOAAAAID0
BA4AAAAgPYEDAAAASE/gAAAAANITOAAAAID0BA4AAAAgPYEDAAAASE/gAAAAANITOAAAAID0BA4A
AAAgPYEDAAAASE/gAAAAANITOAAAAID0BA4AAAAgPYEDAAAASE/gAAAAANITOAAAAID0BA4AAAAg
PYEDAAAASE/gAAAAANITOAAAAID0BA4AAAAgPYEDAAAASE/gAAAAANITOAAAAID0BA4AAAAgPYED
AAAASE/gAAAAANITOAAAAID0BA4AAAAgPYEDAAAASE/gAAAAANITOAAAAID0BA4AAAAgPYEDAAAA
SE/gAAAAANITOAAAAID0BA4AAAAgPYEDAAAASE/gAAAAANITOAAAAID0BA4AAAAgPYEDAAAASE/g
AAAAANITOAAAAID0BA4AAAAgPYEDAAAASE/gAAAAANITOAAAAID0BA4AAAAgPYEDAAAASE/gAAAA
ANITOAAAAID0BA4AAAAgPYEDAAAASE/gAAAAANITOAAAAID0BA4AAAAgPYEDAAAASE/gAAAAANIT
OAAAAID0BA4AAAAgPYEDAAAASE/gAAAAANITOAAAAID0BA4AAAAgPYEDAAAASE/gAAAAANITOAAA
AID0BA4AAAAgPYEDAAAASE/gAAAAANITOAAAAID0BA4AAAAgPYEDAAAASE/gAAAAANITOAAAAID0
BA4AAAAgPYEDAAAASE/gAAAAANITOAAAAID0BA4AAAAgPYEDAAAASE/gAAAAANITOAAAAID0BA4A
AAAgPYEDAAAASE/gAAAAANITOAAAAID0BA4AAAAgPYEDAAAASE/gAAAAANITOAAAAID0BA4AAAAg
PYEDAAAASE/gAAAAANITOAAAAID0BA4AAAAgPYEDAAAASE/gAAAAANITOAAAAID0BA4AAAAgPYED
AAAASE/gAAAAANITOAAAAID0BA4AAAAgPYEDAAAASE/gAAAAANITOAAAAID0BA4AAAAgPYEDAAAA
SE/gAAAAANITOAAAAID0BA4AAAAgPYEDAAAASE/gAAAAANITOAAAAID0BA4AAAAgPYEDAAAASE/g
AAAAANITOAAAAID0BA4AAAAgPYEDAAAASE/gAAAAANITOAAAAID0BA4AAAAgPYEDAAAASE/gAAAA
ANITOAAAAID0BA4AAAAgPYEDAAAASE/gAAAAANITOAAAAID0BA4AAAAgPYEDAAAASE/gAAAAANIT
OAAAAID0BA4AAAAgPYEDAAAASE/gAAAAANITOAAAAID0BA4AAAAgPYEDAAAASE/gAAAAANITOAAA
AID0BA4AAAAgPYEDAAAASE/gAAAAANITOAAAAID0BA4AAAAgPYEDAAAASE/gAAAAANITOAAAAID0
BA4AAAAgPYEDAAAASE/gAAAAANITOAAAAID0BA4AAAAgPYEDAAAASE/gAAAAANITOAAAAID0BA4A
AAAgPYEDAAAASE/gAAAAANITOAAAAID0BA4AAAAgPYEDAAAASE/gAAAAANITOAAAAID0BA4AAAAg
PYEDAAAASE/gAAAAANITOAAAAID0BA4AAAAgPYEDAAAASE/gAAAAANITOAAAAID0BA4AAAAgPYED
AAAASE/gAAAAANITOAAAAID0BA4AAAAgPYEDAAAASE/gAAAAANITOAAAAID0BA4AAAAgPYEDAAAA
SE/gAAAAANITOAAAAID0BA4AAAAgPYEDAAAASE/gAAAAANITOAAAAID0BA4AAAAgPYEDAAAASE/g
AAAAANITOAAAAID0BA4AAAAgPYEDAAAASE/gAAAAANITOAAAAID0BA4AAAAgPYEDAAAASE/gAAAA
ANITOAAAAID0BA4AAAAgPYEDAAAASE/gAAAAANITOAAAAID0BA4AAAAgPYEDAAAASE/gAAAAANIT
OAAAAID0BA4AAAAgPYEDAAAASE/gAAAAANITOAAAAID0BA4AAAAgPYEDAAAASE/gAAAAANITOAAA
AID0BA4AAAAgPYEDAAAASE/gAAAAANITOAAAAID0BA4AAAAgPYEDAAAASE/gAAAAANITOAAAAID0
BA4AAAAgPYEDAAAASE/gAAAAANITOAAAAID0BA4AAAAgPYEDAAAASE/gAAAAANITOAAAAID0BA4A
AAAgPYEDAAAASE/gAAAAANITOAAAAID0BA4AAAAgPYEDAAAASE/gAAAAANITOAAAAID0BA4AAAAg
PYEDAAAASE/gAAAAANITOAAAAID0BA4AAAAgPYEDAAAASE/gAAAAANITOAAAAID0BA4AAAAgPYED
AAAASE/gAAAAANITOAAAAID0BA4AAAAgPYEDAAAASE/gAAAAANITOAAAAID0BA4AAAAgPYEDAAAA
SE/gAAAAANITOAAAAID0BA4AAAAgPYEDAAAASE/gAAAAANITOAAAAID0BA4AAAAgPYEDAAAASE/g
AAAAANITOAAAAID0BA4AAAAgPYEDAAAASE/gAAAAANITOAAAAID0BA4AAAAgPYEDAAAASE/gAAAA
ANITOAAAAID0BA4AAAAgPYEDAAAASE/gAAAAANITOAAAAID0BA4AAAAgPYEDAAAASE/gAAAAANIT
OAAAAID0BA4AAAAgPYEDAAAASE/gAAAAANITOAAAAID0BA4AAAAgPYEDAAAASE/gAAAAANITOAAA
AID0BA4AAAAgPYEDAAAASE/gAAAAANITOAAAAID0BA4AAAAgPYEDAAAASE/gAAAAANITOAAAAID0
BA4AAAAgPYEDAAAASE/gAAAAANITOAAAAID0BA4AAAAgPYEDAAAASE/gAAAAANITOAAAAID0BA4A
AAAgPYEDAAAASE/gAAAAANITOAAAAID0BA4AAAAgPYEDAAAASE/gAAAAANITOAAAAID0BA4AAAAg
PYEDAAAASE/gAAAAANITOAAAAID0BA4AAAAgPYEDAAAASE/gAAAAANITOAAAAID0BA4AAAAgPYED
AAAASE/gAAAAANITOAAAAID0BA4AAAAgPYEDAAAASE/gAAAAANITOAAAAID0BA4AAAAgPYEDAAAA
SE/gAAAAANITOAAAAID0BA4AAAAgPYEDAAAASE/gAAAAANITOAAAAID0BA4AAAAgPYEDAAAASE/g
AAAAANITOAAAAID0BA4AAAAgPYEDAAAASE/gAAAAANITOAAAAID0BA4AAAAgPYEDAAAASE/gAAAA
ANITOAAAAID0BA4AAAAgPYEDAAAASE/gAAD4f+zYAQkAAACAoP+v2xHoDAGAPcEBAAAA7AkOAAAA
YE9wAAAAAHuCAwAAANgTHAAAAMCe4AAAAAD2BAcAAACwJzgAAACAPcEBAAAA7AkOAAAAYE9wAAAA
AHuCAwAAANgTHAAAAMCe4AAAAAD2BAcAAACwJzgAAACAPcEBAAAA7AkOAAAAYE9wAAAAAHuCAwAA
ANgTHAAAAMCe4AAAAAD2BAcAAACwJzgAAACAPcEBAAAA7AkOAAAAYE9wAAAAAHuCAwAAANgTHAAA
AMCe4AAAAAD2BAcAAACwJzgAAACAPcEBAAAA7AkOAAAAYE9wAAAAAHuCAwAAANgTHAAAAMCe4AAA
AAD2BAcAAACwJzgAAACAPcEBAAAA7AkOAAAAYE9wAAAAAHuCAwAAANgTHAAAAMCe4AAAAAD2BAcA
AACwJzgAAACAPcEBAAAA7AkOAAAAYE9wAAAAAHuCAwAAANgTHAAAAMCe4AAAAAD2BAcAAACwJzgA
AACAPcEBAAAA7AkOAAAAYE9wAAAAAHuCAwAAANgTHAAAAMCe4AAAAAD2BAcAAACwJzgAAACAPcEB
AAAA7AkOAAAAYE9wAAAAAHuCAwAAANgTHAAAAMCe4AAAAAD2BAcAAACwJzgAAACAPcEBAAAA7AkO
AAAAYE9wAAAAAHuCAwAAANgTHAAAAMCe4AAAAAD2BAcAAACwJzgAAACAPcEBAAAA7AkOAAAAYE9w
AAAAAHuCAwAAANgTHAAAAMCe4AAAAAD2BAcAAACwJzgAAACAPcEBAAAA7AkOAAAAYE9wAAAAAHuC
AwAAANgTHAAAAMCe4AAAAAD2BAcAAACwJzgAAACAPcEBAAAA7AkOAAAAYE9wAAAAAHuCAwAAANgT
HAAAAMCe4AAAAAD2BAcAAACwJzgAAACAPcEBAAAA7AkOAAAAYE9wAAAAAHuCAwAAANgTHAAAAMCe
4AAAAAD2BAcAAACwJzgAAACAPcEBAAAA7AkOAAAAYE9wAAAAAHuCAwAAANgTHAAAAMCe4AAAAAD2
BAcAAACwJzgAAACAPcEBAAAA7AkOAAAAYE9wAAAAAHuCAwAAANgTHAAAAMCe4AAAAAD2BAcAAACw
JzgAAACAPcEBAAAA7AkOAAAAYE9wAAAAAHuCAwAAANgTHAAAAMCe4AAAAAD2BAcAAACwJzgAAACA
PcEBAAAA7AkOAAAAYE9wAAAAAHuCAwAAANgTHAAAAMCe4AAAAAD2BAcAAACwJzgAAACAPcEBAAAA
7AkOAAAAYE9wAAAAAHuCAwAAANgTHAAAAMCe4AAAAAD2BAcAAACwJzgAAACAPcEBAAAA7AkOAAAA
YE9wAAAAAHuCAwAAANgTHAAAAMCe4AAAAAD2BAcAAACwJzgAAACAPcEBAAAA7AkOAAAAYE9wAAAA
AHuCAwAAANgTHAAAAMCe4AAAAAD2BAcAAACwJzgAAACAPcEBAAAA7AkOAAAAYE9wAAAAAHuCAwAA
ANgTHAAAAMCe4AAAAAD2BAcAAACwJzgAAACAPcEBAAAA7AkOAAAAYE9wAAAAAHuCAwAAANgTHAAA
AMCe4AAAAAD2BAcAAACwJzgAAACAPcEBAAAA7AkOAAAAYE9wAAAAAHuCAwAAANgTHAAAAMCe4AAA
AAD2BAcAAACwJzgAAACAPcEBAAAA7AkOAAAAYE9wAAAAAHuCAwAAANgTHAAAAMCe4AAAAAD2BAcA
AACwJzgAAACAPcEBAAAA7AkOAAAAYE9wAAAAAHuCAwAAANgTHAAAAMCe4AAAAAD2BAcAAACwJzgA
AACAPcEBAAAA7AkOAAAAYE9wAAAAAHuCAwAAANgTHAAAAMCe4AAAAAD2BAcAAACwJzgAAACAPcEB
AAAA7AkOAAAAYE9wAAAAAHuCAwAAANgTHAAAAMCe4AAAAAD2BAcAAACwJzgAAACAPcEBAAAA7AkO
AAAAYE9wAAAAAHuCAwAAANgTHAAAAMCe4AAAAAD2BAcAAACwJzgAAACAPcEBAAAA7AkOAAAAYE9w
AAAAAHuCAwAAANgTHAAAAMCe4AAAAAD2BAcAAACwJzgAAACAPcEBAAAA7AkOAAAAYE9wAAAAAHuC
AwAAANgTHAAAAMCe4AAAAAD2BAcAAACwJzgAAACAPcEBAAAA7AkOAAAAYE9wAAAAAHuCAwAAANgT
HAAAAMCe4AAAAAD2BAcAAACwJzgAAACAPcEBAAAA7AkOAAAAYE9wAAAAAHuCAwAAANgTHAAAAMCe
4AAAAAD2BAcAAACwJzgAAACAPcEBAAAA7AkOAAAAYE9wAAAAAHuCAwAAANgTHAAAAMCe4AAAAAD2
BAcAAACwJzgAAACAPcEBAAAA7AkOAAAAYE9wAAAAAHuCAwAAANgTHAAAAMCe4AAAAAD2BAcAAACw
JzgAAACAPcEBAAAA7AkOAAAAYE9wAAAAAHuCAwAAANgTHAAAAMCe4AAAAAD2BAcAAACwJzgAAACA
PcEBAAAA7AkOAAAAYE9wAAAAAHuCAwAAANgTHAAAAMCe4AAAAAD2BAcAAACwJzgAAACAPcEBAAAA
7AkOAAAAYE9wAAAAAHuCAwAAANgTHAAAAMCe4AAAAAD2BAcAAACwJzgAAACAPcEBAAAA7AkOAAAA
YE9wAAAAAHuCAwAAANgTHAAAAMCe4AAAAAD2BAcAAACwJzgAAACAPcEBAAAA7AkOAAAAYE9wAAAA
AHuCAwAAANgTHAAAAMCe4AAAAAD2BAcAAACwJzgAAACAPcEBAAAA7AkOAAAAYE9wAAAAAHuCAwAA
ANgTHAAAAMCe4AAAAAD2BAcAAACwJzgAAACAPcEBAAAA7AkOAAAAYE9wAAAAAHuCAwAAANgTHAAA
AMCe4AAAAAD2BAcAAACwJzgAAACAPcEBAAAA7AkOAAAAYE9wAAAAAHuCAwAAANgTHAAAAMCe4AAA
AAD2BAcAAACwJzgAAACAPcEBAAAA7AkOAAAAYE9wAAAAAHuCAwAAANgTHAAAAMCe4AAAAAD2BAcA
AACwJzgAAACAPcEBAAAA7AkOAAAAYE9wAAAAAHuCAwAAANgTHAAAAMCe4AAAAAD2BAcAAACwJzgA
AACAPcEBAAAA7AkOAAAAYE9wAAAAAHuCAwAAANgTHAAAAMCe4AAAAAD2BAcAAACwJzgAAACAPcEB
AAAA7AkOAAAAYE9wAAAAAHuCAwAAANgTHAAAAMCe4AAAAAD2BAcAAACwJzgAAACAPcEBAAAA7AkO
AAAAYE9wAAAAAHuCAwAAANgTHAAAAMCe4AAAAAD2BAcAAACwJzgAAACAPcEBAAAA7AkOAAAAYE9w
AAAAAHuCAwAAANgTHAAAAMCe4AAAAAD2BAcAAACwJzgAAACAPcEBAAAA7AkOAAAAYE9wAAAAAHuC
AwAAANgTHAAAAMCe4AAAAAD2BAcAAACwJzgAAACAPcEBAAAA7AkOAAAAYE9wAAAAAHuCAwAAANgT
HAAAAMCe4AAAAAD2BAcAAACwJzgAAACAPcEBAAAA7AkOAAAAYE9wAAAAAHuCAwAAANgTHAAAAMCe
4AAAAAD2BAcAAACwJzgAAACAPcEBAAAA7AkOAAAAYE9wAAAAAHuCAwAAANgTHAAAAMCe4AAAAAD2
BAcAAACwJzgAAACAPcEBAAAA7AkOAAAAYE9wAAAAAHuCAwAAANgTHAAAAMCe4AAAAAD2BAcAAACw
JzgAAACAPcEBAAAA7AkOAAAAYE9wAAAAAHuCAwAAANgTHAAAAMCe4AAAAAD2BAcAAACwJzgAAACA
PcEBAAAA7AkOAAAAYE9wAAAAAHuCAwAAANgTHAAAAMCe4AAAAAD2BAcAAACwJzgAAACAPcEBAAAA
7AkOAAAAYE9wAAAAAHuCAwAAANgTHAAAAMCe4AAAAAD2BAcAAACwJzgAAACAPcEBAAAA7AkOAAAA
YE9wAAAAAHuCAwAAANgTHAAAAMCe4AAAAAD2BAcAAACwJzgAAACAPcEBAAAA7AkOAAAAYE9wAAAA
AHuCAwAAANgTHAAAAMCe4AAAAAD2BAcAAACwJzgAAACAPcEBAAAA7AkOAAAAYE9wAAAAAHuCAwAA
ANgTHAAAAMCe4AAAAAD2BAcAAACwJzgAAACAPcEBAAAA7AkOAAAAYE9wAAAAAHuCAwAAANgTHAAA
AMCe4AAAAAD2BAcAAACwJzgAAACAPcEBAAAA7AkOAAAAYE9wAAAAAHuCAwAAANgTHAAAAMCe4AAA
AAD2BAcAAACwJzgAAACAPcEBAAAA7AkOAAAAYE9wAAAAAHuCAwAAANgTHAAAAMCe4AAAAAD2BAcA
AACwJzgAAACAPcEBAAAA7AkOAAAAYE9wAAAAAHuCAwAAANgTHAAAAMCe4AAAAAD2BAcAAACwJzgA
AACAPcEBAAAA7AkOAAAAYE9wAAAAAHuCAwAAANgTHAAAAMCe4AAAAAD2BAcAAACwJzgAAACAPcEB
AAAA7AkOAAAAYE9wAAAAAHuCAwAAANgTHAAAAMCe4AAAAAD2BAcAAACwJzgAAACAPcEBAAAA7AkO
AAAAYE9wAAAAAHuCAwAAANgTHAAAAMCe4AAAAAD2BAcAAACwJzgAAACAPcEBAAAA7AkOAAAAYE9w
AAAAAHuCAwAAANgTHAAAAMCe4AAAAAD2BAcAAACwJzgAAACAPcEBAAAA7AkOAAAAYE9wAAAAAHuC
AwAAANgTHAAAAMCe4AAAAAD2BAcAAACwJzgAAACAPcEBAAAA7AkOAAAAYE9wAAAAAHuCAwAAANgT
HAAAAMCe4AAAAAD2BAcAAACwJzgAAACAPcEBAAAA7AkOAAAAYE9wAAAAAHuCAwAAANgTHAAAAMCe
4AAAAAD2BAcAAACwJzgAAACAPcEBAAAA7AkOAAAAYE9wAAAAAHuCAwAAANgTHAAAAMCe4AAAAAD2
BAcAAACwJzgAAACAPcEBAAAA7AkOAAAAYE9wAAAAAHuCAwAAANgTHAAAAMCe4AAAAAD2BAcAAACw
JzgAAACAPcEBAAAA7AkOAAAAYE9wAAAAAHuCAwAAANgTHAAAAMCe4AAAAAD2BAcAAACwJzgAAACA
PcEBAAAA7AkOAAAAYE9wAAAAAHuCAwAAANgTHAAAAMCe4AAAAAD2BAcAAACwJzgAAACAPcEBAAAA
7AkOAAAAYE9wAAAAAHuCAwAAANgTHAAAAMCe4AAAAAD2BAcAAACwJzgAAACAPcEBAAAA7AkOAAAA
YE9wAAAAAHuCAwAAANgTHAAAAMCe4AAAAAD2BAcAAACwJzgAAACAPcEBAAAA7AkOAAAAYE9wAAAA
AHuCAwAAANgTHAAAAMCe4AAAAAD2BAcAAACwJzgAAACAPcEBAAAA7AkOAAAAYE9wAAAAAHuCAwAA
ANgTHAAAAMCe4AAAAAD2BAcAAACwJzgAAACAPcEBAAAA7AkOAAAAYE9wc38u4gAAEsBJREFUAAAA
AHuCAwAAANgTHAAAAMCe4AAAAAD2BAcAAACwJzgAAACAPcEBAAAA7AkOAAAAYE9wAAAAAHuCAwAA
ANgTHAAAAMCe4AAAAAD2BAcAAACwJzgAAACAPcEBAAAA7AkOAAAAYE9wAAAAAHuCAwAAANgTHAAA
AMCe4AAAAAD2BAcAAACwJzgAAACAPcEBAAAA7AkOAAAAYE9wAAAAAHuCAwAAANgTHAAAAMCe4AAA
AAD2BAcAAACwJzgAAACAPcEBAAAA7AkOAAAAYE9wAAAAAHuCAwAAANgTHAAAAMCe4AAAAAD2BAcA
AACwJzgAAACAPcEBAAAA7AkOAAAAYE9wAAAAAHuCAwAAANgTHAAAAMCe4AAAAAD2BAcAAACwJzgA
AACAPcEBAAAA7AkOAAAAYE9wAAAAAHuCAwAAANgTHAAAAMCe4AAAAAD2BAcAAACwJzgAAACAPcEB
AAAA7AkOAAAAYE9wAAAAAHuCAwAAANgTHAAAAMCe4AAAAAD2BAcAAACwJzgAAACAPcEBAAAA7AkO
AAAAYE9wAAAAAHuCAwAAANgTHAAAAMCe4AAAAAD2BAcAAACwJzgAAACAPcEBAAAA7AkOAAAAYE9w
AAAAAHuCAwAAANgTHAAAAMCe4AAAAAD2BAcAAACwJzgAAACAPcEBAAAA7AkOAAAAYE9wAAAAAHuC
AwAAANgTHAAAAMCe4AAAAAD2BAcAAACwJzgAAACAPcEBAAAA7AkOAAAAYE9wAAAAAHuCAwAAANgT
HAAAAMCe4AAAAAD2BAcAAACwJzgAAACAPcEBAAAA7AkOAAAAYE9wAAAAAHuCAwAAANgTHAAAAMCe
4AAAAAD2BAcAAACwJzgAAACAPcEBAAAA7AkOAAAAYE9wAAAAAHuCAwAAANgTHAAAAMCe4AAAAAD2
BAcAAACwJzgAAACAPcEBAAAA7AkOAAAAYE9wAAAAAHuCAwAAANgTHAAAAMCe4AAAAAD2BAcAAACw
JzgAAACAPcEBAAAA7AkOAAAAYE9wAAAAAHuCAwAAANgTHAAAAMCe4AAAAAD2BAcAAACwJzgAAACA
PcEBAAAA7AkOAAAAYE9wAAAAAHuCAwAAANgTHAAAAMCe4AAAAAD2BAcAAACwJzgAAACAPcEBAAAA
7AkOAAAAYE9wAAAAAHuCAwAAANgTHAAAAMCe4AAAAAD2BAcAAACwJzgAAACAPcEBAAAA7AkOAAAA
YE9wAAAAAHuCAwAAANgTHAAAAMCe4AAAAAD2BAcAAACwJzgAAACAPcEBAAAA7AkOAAAAYE9wAAAA
AHuCAwAAANgTHAAAAMCe4AAAAAD2BAcAAACwJzgAAACAPcEBAAAA7AkOAAAAYE9wAAAAAHuCAwAA
ANgTHAAAAMCe4AAAAAD2BAcAAACwJzgAAACAPcEBAAAA7AkOAAAAYE9wAAAAAHuCAwAAANgTHAAA
AMCe4AAAAAD2BAcAAACwJzgAAACAPcEBAAAA7AkOAAAAYE9wAAAAAHuCAwAAANgTHAAAAMCe4AAA
AAD2BAcAAACwJzgAAACAPcEBAAAA7AkOAAAAYE9wAAAAAHuCAwAAANgTHAAAAMCe4AAAAAD2BAcA
AACwJzgAAACAPcEBAAAA7AkOAAAAYE9wAAAAAHuCAwAAANgTHAAAAMCe4AAAAAD2BAcAAACwJzgA
AACAPcEBAAAA7AkOAAAAYE9wAAAAAHuCAwAAANgTHAAAAMCe4AAAAAD2BAcAAACwJzgAAACAPcEB
AAAA7AkOAAAAYE9wAAAAAHuCAwAAANgTHAAAAMCe4AAAAAD2BAcAAACwJzgAAACAPcEBAAAA7AkO
AAAAYE9wAAAAAHuCAwAAANgTHAAAAMCe4AAAAAD2BAcAAACwJzgAAACAPcEBAAAA7AkOAAAAYE9w
AAAAAHuCAwAAANgTHAAAAMCe4AAAAAD2BAcAAACwJzgAAACAPcEBAAAA7AkOAAAAYE9wAAAAAHuC
AwAAANgTHAAAAMCe4AAAAAD2BAcAAACwJzgAAACAPcEBAAAA7AkOAAAAYE9wAAAAAHuCAwAAANgT
HAAAAMCe4AAAAAD2BAcAAACwJzgAAACAPcEBAAAA7AkOAAAAYE9wAAAAAHuCAwAAANgTHAAAAMCe
4AAAAAD2BAcAAACwJzgAAACAPcEBAAAA7AkOAAAAYE9wAAAAAHuCAwAAANgTHAAAAMCe4AAAAAD2
BAcAAACwJzgAAACAPcEBAAAA7AkOAAAAYE9wAAAAAHuCAwAAANgTHAAAAMCe4AAAAAD2BAcAAACw
JzgAAACAPcEBAAAA7AkOAAAAYE9wAAAAAHuCAwAAANgTHAAAAMCe4AAAAAD2BAcAAACwJzgAAACA
PcEBAAAA7AkOAAAAYE9wAAAAAHuCAwAAANgTHAAAAMCe4AAAAAD2BAcAAACwJzgAAACAPcEBAAAA
7AkOAAAAYE9wAAAAAHuCAwAAANgTHAAAAMCe4AAAAAD2BAcAAACwJzgAAACAPcEBAAAA7AkOAAAA
YE9wAAAAAHuCAwAAANgTHAAAAMCe4AAAAAD2BAcAAACwJzgAAACAPcEBAAAA7AkOAAAAYE9wAAAA
AHuCAwAAANgTHAAAAMCe4AAAAAD2BAcAAACwJzgAAACAPcEBAAAA7AkOAAAAYE9wAAAAAHuCAwAA
ANgTHAAAAMCe4AAAAAD2BAcAAACwJzgAAACAPcEBAAAA7AkOAAAAYE9wAAAAAHuCAwAAANgTHAAA
AMCe4AAAAAD2BAcAAACwJzgAAACAPcEBAAAA7AkOAAAAYE9wAAAAAHuCA6gdOyABAAAAEPT/dTsC
nSEAAMCe4AAAAAD2BAcAAACwJzgAAACAPcEBAAAA7AkOAAAAYE9wAAAAAHuCAwAAANgTHAAAAMCe
4AAAAAD2BAcAAACwJzgAAACAPcEBAAAA7AkOAAAAYE9wAAAAAHuCAwAAANgTHAAAAMCe4AAAAAD2
BAcAAACwJzgAAACAPcEBAAAA7AkOAAAAYE9wAAAAAHuCAwAAANgTHAAAAMCe4AAAAAD2BAcAAACw
JzgAAACAPcEBAAAA7AkOAAAAYE9wAAAAAHuCAwAAANgTHAAAAMCe4AAAAAD2BAcAAACwJzgAAACA
PcEBAAAA7AkOAAAAYE9wAAAAAHuCAwAAANgTHAAAAMCe4AAAAAD2BAcAAACwJzgAAACAPcEBAAAA
7AkOAAAAYE9wAAAAAHuCAwAAANgTHAAAAMCe4AAAAAD2BAcAAACwJzgAAACAPcEBAAAA7AkOAAAA
YE9wAAAAAHuCAwAAANgTHAAAAMCe4AAAAAD2BAcAAACwJzgAAACAPcEBAAAA7AkOAAAAYE9wAAAA
AHuCAwAAANgTHAAAAMCe4AAAAAD2BAcAAACwJzgAAACAPcEBAAAA7AkOAAAAYE9wAAAAAHuCAwAA
ANgTHAAAAMCe4AAAAAD2BAcAAACwJzgAAACAPcEBAAAA7AkOAAAAYE9wAAAAAHuCAwAAANgTHAAA
AMCe4AAAAAD2BAcAAACwJzgAAACAPcEBAAAA7AkOAAAAYE9wAAAAAHuCAwAAANgTHAAAAMCe4AAA
AAD2BAcAAACwJzgAAACAPcEBAAAA7AkOAAAAYE9wAAAAAHuCAwAAANgTHAAAAMCe4AAAAAD2BAcA
AACwJzgAAACAPcEBAAAA7AkOAAAAYE9wAAAAAHuCAwAAANgTHAAAAMCe4AAAAAD2BAcAAACwJzgA
AACAPcEBAAAA7AkOAAAAYE9wAAAAAHuCAwAAANgTHAAAAMCe4AAAAAD2BAcAAACwJzgAAACAPcEB
AAAA7AkOAAAAYE9wAAAAAHuCAwAAANgTHAAAAMCe4AAAAAD2BAcAAACwJzgAAACAPcEBAAAA7AkO
AAAAYE9wAAAAAHuCAwAAANgTHAAAAMCe4AAAAAD2BAcAAACwJzgAAACAPcEBAAAA7AkOAAAAYE9w
AAAAAHuCAwAAANgTHAAAAMCe4AAAAAD2BAcAAACwJzgAAACAPcEBAAAA7AkOAAAAYE9wAAAAAHuC
AwAAANgTHAAAAMCe4AAAAAD2BAcAAACwJzgAAACAPcEBAAAA7AkOAAAAYE9wAAAAAHuCAwAAANgT
HAAAAMCe4AAAAAD2BAcAAACwJzgAAACAPcEBAAAA7AkOAAAAYE9wAAAAAHuCAwAAANgTHAAAAMCe
4AAAAAD2BAcAAACwJzgAAACAPcEBAAAA7AkOAAAAYE9wAAAAAHuCAwAAANgTHAAAAMCe4AAAAAD2
BAcAAACwJzgAAACAPcEBAAAA7AkOAAAAYE9wAAAAAHuCAwAAANgTHAAAAMCe4AAAAAD2BAcAAACw
JzgAAACAPcEBAAAA7AkOAAAAYE9wAAAAAHuCAwAAANgTHAAAAMCe4AAAAAD2BAcAAACwJzgAAACA
PcEBAAAA7AkOAAAAYE9wAAAAAHuCAwAAANgTHAAAAMCe4AAAAAD2BAcAAACwJzgAAACAPcEBAAAA
7AkOAAAAYE9wAAAAAHuCAwAAANgTHAAAAMCe4AAAAAD2BAcAAACwJzgAAACAPcEBAAAA7AkOAAAA
YE9wAAAAAHuCAwAAANgTHAAAAMCe4AAAAAD2BAcAAACwJzgAAACAPcEBAAAA7AkOAAAAYE9wAAAA
AHuCAwAAANgTHAAAAMCe4AAAAAD2BAcAAACwJzgAAACAPcEBAAAA7AkOAAAAYE9wAAAAAHuCAwAA
ANgTHAAAAMCe4AAAAAD2BAcAAACwJzgAAACAPcEBAAAA7AkOAAAAYE9wAAAAAHuCAwAAANgTHAAA
AMCe4AAAAAD2BAcAAACwJzgAAACAPcEBAAAA7AkOAAAAYE9wAAAAAHuCAwAAANgTHAAAAMCe4AAA
AAD2BAcAAACwJzgAAACAPcEBAAAA7AkOAAAAYE9wAAAAAHuCAwAAANgTHAAAAMCe4AAAAAD2BAcA
AACwJzgAAACAPcEBAAAA7AkOAAAAYE9wAAAAAHuCAwAAANgTHAAAAMCe4AAAAAD2BAcAAACwJzgA
AACAPcEBAAAA7AkOAAAAYE9wAAAAAHuCAwAAANgTHAAAAMCe4AAAAAD2BAcAAACwJzgAAACAPcEB
AAAA7AkOAAAAYE9wAAAAAHuCAwAAANgTHAAAAMCe4AAAAAD2BAcAAACwJzgAAACAPcEBAAAA7AkO
AAAAYE9wAAAAAHuCAwAAANgTHAAAAMCe4AAAAAD2BAcAAACwJzgAAACAPcEBAAAA7AkOAAAAYE9w
AAAAAHuCAwAAANgTHAAAAMCe4AAAAAD2BAcAAACwJzgAAACAPcEBAAAA7AkOAAAAYE9wAAAAAHuC
AwAAANgTHAAAAMCe4AAAAAD2BAcAAACwJzgAAACAPcEBAAAA7AkOAAAAYE9wAAAAAHuCAwAAANgT
HAAAAMCe4AAAAAD2BAcAAACwJzgAAACAPcEBAAAA7AkOAAAAYE9wAAAAAHuCAwAAANgTHAAAAMCe
4AAAAAD2BAcAAACwJzgAAACAPcEBAAAA7AkOAAAAYE9wAAAAAHuCAwAAANgTHAAAAMCe4AAAAAD2
BAcAAACwJzgAAACAPcEBAAAA7AkOAAAAYE9wAAAAAHuCAwAAANgTHAAAAMCe4AAAAAD2BAcAAACw
JzgAAACAPcEBAAAA7AkOAAAAYE9wAAAAAHuCAwAAANgTHAAAAMCe4AAAAAD2BAcAAACwJzgAAACA
PcEBAAAA7AkOAAAAYE9wAAAAAHuCAwAAANgTHAAAAMCe4AAAAAD2BAcAAACwJzgAAACAPcEBAAAA
7AkOAAAAYE9wAAAAAHuCAwAAANgTHAAAAMCe4AAAAAD2BAcAAACwJzgAAACAPcEBAAAA7AkOAAAA
YE9wAAAAAHuCAwAAANgTHAAAAMCe4AAAAAD2BAcAAACwJzgAAACAPcEBAAAA7AkOAAAAYE9wAAAA
AHuCAwAAANgTHAAAAMCe4AAAAAD2BAcAAACwJzgAAACAPcEBAAAA7AkOAAAAYE9wAAAAAHuCAwAA
ANgTHAAAAMCe4AAAAAD2BAcAAACwJzgAAACAPcEBAAAA7AkOAAAAYE9wAAAAAHuCAwAAANgTHAAA
AMCe4AAAAAD2BAcAAACwJzgAAACAPcEBAAAA7AkOAAAAYE9wAAAAAHuCAwAAANgTHAAAAMCe4AAA
AAD2BAcAAACwJzgAAACAPcEBAAAA7AkOAAAAYE9wAAAAAHuCAwAAANgTHAAAAMCe4AAAAAD2BAcA
AACwJzgAAACAPcEBAAAA7AkOAAAAYE9wAAAAAHuCAwAAANgTHAAAAMCe4AAAAAD2BAcAAACwJzgA
AACAPcEBAAAA7AkOAAAAYE9wAAAAAHuCAwAAANgTHAAAAMCe4AAAAAD2BAcAAACwJzgAAACAPcEB
AAAA7AUSyLEFtpQk/gAAAABJRU5ErkJggg==
" width="800px"&gt;</msg>
<status status="PASS" starttime="20230710 11:22:38.696" endtime="20230710 11:22:39.478"/>
</kw>
<msg timestamp="20230710 11:22:39.479" level="INFO">criteria is fr.dsquad.occazio:id/toolbar_home_profil</msg>
<msg timestamp="20230710 11:22:39.479" level="FAIL">ValueError: Element locator 'id=fr.dsquad.occazio:id/toolbar_home_profil' did not match any elements.</msg>
<status status="FAIL" starttime="20230710 11:22:38.574" endtime="20230710 11:22:39.487"/>
</kw>
<kw name="Wait Until Page Contains Element" library="AppiumLibrary">
<arg>${HEADING_ACCOUNT}</arg>
<doc>Waits until element specified with `locator` appears on current page.</doc>
<status status="NOT RUN" starttime="20230710 11:22:39.489" endtime="20230710 11:22:39.490"/>
</kw>
<status status="FAIL" starttime="20230710 11:22:38.573" endtime="20230710 11:22:39.490"/>
</kw>
<kw name="View personal information" library="HomePage">
<arg>${MESSAGERIE_TEXT_USERNAME}</arg>
<status status="NOT RUN" starttime="20230710 11:22:39.491" endtime="20230710 11:22:39.491"/>
</kw>
<status status="FAIL" starttime="20230710 11:22:38.573" endtime="20230710 11:22:39.491"/>
</kw>
<kw name="Close Application" library="AppiumLibrary" type="TEARDOWN">
<doc>Closes the current application and also close webdriver session.</doc>
<status status="PASS" starttime="20230710 11:22:39.492" endtime="20230710 11:22:41.316"/>
</kw>
<doc>Dans ce cas de test, nous creons un username et nous allons tester si ce dernier a bien ete cree</doc>
<status status="FAIL" starttime="20230710 11:22:00.967" endtime="20230710 11:22:41.317">ValueError: Element locator 'id=fr.dsquad.occazio:id/toolbar_home_profil' did not match any elements.</status>
</test>
<doc>Ce fichier contiendra tous nos cas de test</doc>
<status status="FAIL" starttime="20230710 11:22:00.939" endtime="20230710 11:22:41.323"/>
</suite>
<kw name="Stop Appium Server For Android 4723" type="TEARDOWN" sourcename="Stop Appium Server For Android ${ANDROID_PORT}">
<doc>Stop Appium Instance</doc>
<kw name="Stop Appium Server" library="Setup">
<arg>${ANDROID_PORT}</arg>
<doc>Stop Appium Server</doc>
<kw name="Terminate Process" library="Process">
<arg>appiumserver_${PORT}</arg>
<arg>kill=True</arg>
<doc>Stops the process gracefully or forcefully.</doc>
<msg timestamp="20230710 11:22:41.332" level="INFO">Forcefully killing process.</msg>
<msg timestamp="20230710 11:22:41.332" level="INFO">Process completed.</msg>
<status status="PASS" starttime="20230710 11:22:41.331" endtime="20230710 11:22:41.333"/>
</kw>
<status status="PASS" starttime="20230710 11:22:41.330" endtime="20230710 11:22:41.334"/>
</kw>
<status status="PASS" starttime="20230710 11:22:41.329" endtime="20230710 11:22:41.334"/>
</kw>
<doc>Before suite file</doc>
<status status="FAIL" starttime="20230710 11:21:50.552" endtime="20230710 11:22:41.335"/>
</suite>
<statistics>
<total>
<stat pass="0" fail="1" skip="0">All Tests</stat>
</total>
<tag>
</tag>
<suite>
<stat pass="0" fail="1" skip="0" id="s1" name="Tests">Tests</stat>
<stat pass="0" fail="1" skip="0" id="s1-s1" name="Occazio">Tests.Occazio</stat>
</suite>
</statistics>
<errors>
</errors>
</robot>
